{'dataset': 'dft_3d', 'target': 'optb88vdw_bandgap', 'epochs': 300, 'batch_size': 64, 'weight_decay': 1e-05, 'learning_rate': 0.001, 'criterion': 'mse', 'optimizer': 'adamw', 'scheduler': 'onecycle', 'save_dataloader': False, 'pin_memory': False, 'write_predictions': True, 'num_workers': 0, 'classification_threshold': None, 'model': {'name': 'alignn'}}
config:
{'version': '5d616626c6e006c074ae5bef4e7469c4d53d13bc',
 'dataset': 'dft_3d',
 'target': 'optb88vdw_bandgap',
 'atom_features': 'cgcnn',
 'neighbor_strategy': 'k-nearest',
 'id_tag': 'jid',
 'random_seed': 123,
 'classification_threshold': None,
 'n_val': None,
 'n_test': None,
 'n_train': None,
 'train_ratio': 0.8,
 'val_ratio': 0.1,
 'test_ratio': 0.1,
 'target_multiplication_factor': None,
 'epochs': 300,
 'batch_size': 64,
 'weight_decay': 1e-05,
 'learning_rate': 0.001,
 'filename': 'sample',
 'warmup_steps': 2000,
 'criterion': 'mse',
 'optimizer': 'adamw',
 'scheduler': 'onecycle',
 'pin_memory': False,
 'save_dataloader': False,
 'write_checkpoint': True,
 'write_predictions': True,
 'store_outputs': True,
 'progress': True,
 'log_tensorboard': False,
 'standard_scalar_and_pca': False,
 'use_canonize': True,
 'num_workers': 0,
 'cutoff': 8.0,
 'max_neighbors': 12,
 'keep_data_order': False,
 'distributed': False,
 'n_early_stopping': None,
 'output_dir': '/home/knc6/Software/version/alignn/alignn/tests/ALL_DATASETS/JV15_55k/jv_optb88vdw_bandgap_alignn',
 'model': {'name': 'alignn',
           'alignn_layers': 4,
           'gcn_layers': 4,
           'atom_input_features': 92,
           'edge_input_features': 80,
           'triplet_input_features': 40,
           'embedding_features': 64,
           'hidden_features': 256,
           'output_features': 1,
           'link': 'identity',
           'zero_inflated': False,
           'classification': False}}
Obtaining 3D dataset 55k ...
Reference:https://www.nature.com/articles/s41524-020-00440-1
Loading the zipfile...
Loading completed.
MAX val: 9.643
MIN val: 0.0
MAD: 0.9937463643098088
Baseline MAE: 0.9994403422659273
data range 9.643 0.0
warning: could not load CGCNN features for 103
Setting it to max atomic number available here, 103
warning: could not load CGCNN features for 101
Setting it to max atomic number available here, 103
warning: could not load CGCNN features for 102
Setting it to max atomic number available here, 103
building line graphs
data range 9.03 0.0
building line graphs
data range 9.479 0.0
building line graphs
n_train: 44578
n_val: 5572
n_test: 5572
name='alignn' alignn_layers=4 gcn_layers=4 atom_input_features=92 edge_input_features=80 triplet_input_features=40 embedding_features=64 hidden_features=256 output_features=1 link='identity' zero_inflated=False classification=False
Val_MAE: 0.4888
Train_MAE: 0.4547
Val_MAE: 0.4207
Train_MAE: 0.3804
Val_MAE: 0.3873
Train_MAE: 0.3458
Val_MAE: 0.3627
Train_MAE: 0.3122
Val_MAE: 0.3541
Train_MAE: 0.3067
Val_MAE: 0.3313
Train_MAE: 0.2812
Val_MAE: 0.3583
Train_MAE: 0.3043
Val_MAE: 0.3131
Train_MAE: 0.2543
Val_MAE: 0.3259
Train_MAE: 0.2621
Val_MAE: 0.2980
Train_MAE: 0.2335
Val_MAE: 0.3293
Train_MAE: 0.2699
Val_MAE: 0.2842
Train_MAE: 0.2168
Val_MAE: 0.2841
Train_MAE: 0.2191
Val_MAE: 0.2824
Train_MAE: 0.2152
Val_MAE: 0.2798
Train_MAE: 0.2155
Val_MAE: 0.2916
Train_MAE: 0.2279
Val_MAE: 0.2918
Train_MAE: 0.2292
Val_MAE: 0.2952
Train_MAE: 0.2268
Val_MAE: 0.3233
Train_MAE: 0.2600
Val_MAE: 0.2604
Train_MAE: 0.1962
Val_MAE: 0.2616
Train_MAE: 0.1921
Val_MAE: 0.3358
Train_MAE: 0.2746
Val_MAE: 0.2838
Train_MAE: 0.2179
Val_MAE: 0.2614
Train_MAE: 0.1893
Val_MAE: 0.2652
Train_MAE: 0.1888
Val_MAE: 0.2430
Train_MAE: 0.1653
Val_MAE: 0.2418
Train_MAE: 0.1704
Val_MAE: 0.3312
Train_MAE: 0.2614
Val_MAE: 0.3036
Train_MAE: 0.2322
Val_MAE: 0.2901
Train_MAE: 0.2204
Val_MAE: 0.2631
Train_MAE: 0.1875
Val_MAE: 0.3083
Train_MAE: 0.2361
Val_MAE: 0.2454
Train_MAE: 0.1705
Val_MAE: 0.2431
Train_MAE: 0.1665
Val_MAE: 0.2759
Train_MAE: 0.1996
Val_MAE: 0.2494
Train_MAE: 0.1726
Val_MAE: 0.2596
Train_MAE: 0.1901
Val_MAE: 0.2338
Train_MAE: 0.1570
Val_MAE: 0.3079
Train_MAE: 0.2430
Val_MAE: 0.2514
Train_MAE: 0.1750
Val_MAE: 0.2278
Train_MAE: 0.1526
Val_MAE: 0.2612
Train_MAE: 0.1882
Val_MAE: 0.2329
Train_MAE: 0.1558
Val_MAE: 0.2367
Train_MAE: 0.1578
Val_MAE: 0.2767
Train_MAE: 0.1956
Val_MAE: 0.2562
Train_MAE: 0.1772
Val_MAE: 0.2175
Train_MAE: 0.1335
Val_MAE: 0.2330
Train_MAE: 0.1549
Val_MAE: 0.2488
Train_MAE: 0.1728
Val_MAE: 0.2799
Train_MAE: 0.2031
Val_MAE: 0.2142
Train_MAE: 0.1286
Val_MAE: 0.2695
Train_MAE: 0.1995
Val_MAE: 0.2341
Train_MAE: 0.1509
Val_MAE: 0.3011
Train_MAE: 0.2258
Val_MAE: 0.2405
Train_MAE: 0.1592
Val_MAE: 0.2369
Train_MAE: 0.1529
Val_MAE: 0.2095
Train_MAE: 0.1221
Val_MAE: 0.2178
Train_MAE: 0.1330
Val_MAE: 0.2275
Train_MAE: 0.1466
Val_MAE: 0.2539
Train_MAE: 0.1780
Val_MAE: 0.2082
Train_MAE: 0.1267
Val_MAE: 0.2373
Train_MAE: 0.1584
Val_MAE: 0.1930
Train_MAE: 0.1036
Val_MAE: 0.2289
Train_MAE: 0.1502
Val_MAE: 0.1887
Train_MAE: 0.1008
Val_MAE: 0.2202
Train_MAE: 0.1370
Val_MAE: 0.1969
Train_MAE: 0.1080
Val_MAE: 0.2054
Train_MAE: 0.1137
Val_MAE: 0.2067
Train_MAE: 0.1186
Val_MAE: 0.2375
Train_MAE: 0.1483
Val_MAE: 0.1893
Train_MAE: 0.1024
Val_MAE: 0.2390
Train_MAE: 0.1548
Val_MAE: 0.2031
Train_MAE: 0.1089
Val_MAE: 0.1875
Train_MAE: 0.0970
Val_MAE: 0.1817
Train_MAE: 0.0955
Val_MAE: 0.2218
Train_MAE: 0.1326
Val_MAE: 0.2386
Train_MAE: 0.1512
Val_MAE: 0.2263
Train_MAE: 0.1437
Val_MAE: 0.1846
Train_MAE: 0.0862
Val_MAE: 0.1955
Train_MAE: 0.1059
Val_MAE: 0.2066
Train_MAE: 0.1163
Val_MAE: 0.1932
Train_MAE: 0.1065
Val_MAE: 0.1838
Train_MAE: 0.0866
Val_MAE: 0.2083
Train_MAE: 0.1119
Val_MAE: 0.1801
Train_MAE: 0.0864
Val_MAE: 0.1775
Train_MAE: 0.0774
Val_MAE: 0.1748
Train_MAE: 0.0757
Val_MAE: 0.1820
Train_MAE: 0.0907
Val_MAE: 0.1963
Train_MAE: 0.1020
Val_MAE: 0.1977
Train_MAE: 0.1028
Val_MAE: 0.1864
Train_MAE: 0.0906
Val_MAE: 0.1741
Train_MAE: 0.0771
Val_MAE: 0.1794
Train_MAE: 0.0777
Val_MAE: 0.1757
Train_MAE: 0.0800
Val_MAE: 0.1933
Train_MAE: 0.0956
Val_MAE: 0.1779
Train_MAE: 0.0759
Val_MAE: 0.1745
Train_MAE: 0.0744
Val_MAE: 0.1729
Train_MAE: 0.0709
Val_MAE: 0.1720
Train_MAE: 0.0653
Val_MAE: 0.1761
Train_MAE: 0.0724
Val_MAE: 0.1827
Train_MAE: 0.0808
Val_MAE: 0.2206
Train_MAE: 0.1226
Val_MAE: 0.1884
Train_MAE: 0.0978
Val_MAE: 0.1801
Train_MAE: 0.0805
Val_MAE: 0.1679
Train_MAE: 0.0638
Val_MAE: 0.1681
Train_MAE: 0.0669
Val_MAE: 0.1668
Train_MAE: 0.0620
Val_MAE: 0.1858
Train_MAE: 0.0917
Val_MAE: 0.1642
Train_MAE: 0.0647
Val_MAE: 0.1690
Train_MAE: 0.0659
Val_MAE: 0.1697
Train_MAE: 0.0694
Val_MAE: 0.1752
Train_MAE: 0.0815
Val_MAE: 0.1722
Train_MAE: 0.0733
Val_MAE: 0.1681
Train_MAE: 0.0673
Val_MAE: 0.1676
Train_MAE: 0.0632
Val_MAE: 0.1763
Train_MAE: 0.0751
Val_MAE: 0.1745
Train_MAE: 0.0683
Val_MAE: 0.1622
Train_MAE: 0.0566
Val_MAE: 0.1687
Train_MAE: 0.0645
Val_MAE: 0.1666
Train_MAE: 0.0570
Val_MAE: 0.1729
Train_MAE: 0.0712
Val_MAE: 0.1700
Train_MAE: 0.0654
Val_MAE: 0.1899
Train_MAE: 0.0847
Val_MAE: 0.1755
Train_MAE: 0.0710
Val_MAE: 0.1620
Train_MAE: 0.0498
Val_MAE: 0.1696
Train_MAE: 0.0632
Val_MAE: 0.1615
Train_MAE: 0.0538
Val_MAE: 0.1619
Train_MAE: 0.0554
Val_MAE: 0.1790
Train_MAE: 0.0750
Val_MAE: 0.1596
Train_MAE: 0.0543
Val_MAE: 0.1668
Train_MAE: 0.0630
Val_MAE: 0.1586
Train_MAE: 0.0538
Val_MAE: 0.1614
Train_MAE: 0.0530
Val_MAE: 0.1582
Train_MAE: 0.0503
Val_MAE: 0.1599
Train_MAE: 0.0515
Val_MAE: 0.1747
Train_MAE: 0.0716
Val_MAE: 0.1686
Train_MAE: 0.0644
Val_MAE: 0.1630
Train_MAE: 0.0531
Val_MAE: 0.1604
Train_MAE: 0.0504
Val_MAE: 0.1589
Train_MAE: 0.0469
Val_MAE: 0.1585
Train_MAE: 0.0481
Val_MAE: 0.1622
Train_MAE: 0.0542
Val_MAE: 0.1622
Train_MAE: 0.0559
Val_MAE: 0.1564
Train_MAE: 0.0476
Val_MAE: 0.1561
Train_MAE: 0.0480
Val_MAE: 0.1575
Train_MAE: 0.0464
Val_MAE: 0.1564
Train_MAE: 0.0491
Val_MAE: 0.1591
Train_MAE: 0.0471
Val_MAE: 0.1554
Train_MAE: 0.0458
Val_MAE: 0.1565
Train_MAE: 0.0489
Val_MAE: 0.1571
Train_MAE: 0.0479
Val_MAE: 0.1570
Train_MAE: 0.0477
Val_MAE: 0.1554
Train_MAE: 0.0464
Val_MAE: 0.1535
Train_MAE: 0.0443
Val_MAE: 0.1551
Train_MAE: 0.0472
Val_MAE: 0.1634
Train_MAE: 0.0482
Val_MAE: 0.1619
Train_MAE: 0.0493
Val_MAE: 0.1517
Train_MAE: 0.0397
Val_MAE: 0.1534
Train_MAE: 0.0401
Val_MAE: 0.1529
Train_MAE: 0.0419
Val_MAE: 0.1548
Train_MAE: 0.0483
Val_MAE: 0.1633
Train_MAE: 0.0550
Val_MAE: 0.1584
Train_MAE: 0.0499
Val_MAE: 0.1568
Train_MAE: 0.0536
Val_MAE: 0.1504
Train_MAE: 0.0424
Val_MAE: 0.1496
Train_MAE: 0.0400
Val_MAE: 0.1528
Train_MAE: 0.0433
Val_MAE: 0.1503
Train_MAE: 0.0383
Val_MAE: 0.1687
Train_MAE: 0.0601
Val_MAE: 0.1568
Train_MAE: 0.0457
Val_MAE: 0.1515
Train_MAE: 0.0442
Val_MAE: 0.1512
Train_MAE: 0.0355
Val_MAE: 0.1493
Train_MAE: 0.0353
Val_MAE: 0.1496
Train_MAE: 0.0341
Val_MAE: 0.1481
Train_MAE: 0.0352
Val_MAE: 0.1499
Train_MAE: 0.0357
Val_MAE: 0.1537
Train_MAE: 0.0402
Val_MAE: 0.1472
Train_MAE: 0.0349
Val_MAE: 0.1480
Train_MAE: 0.0345
Val_MAE: 0.1495
Train_MAE: 0.0361
Val_MAE: 0.1502
Train_MAE: 0.0378
Val_MAE: 0.1484
Train_MAE: 0.0390
Val_MAE: 0.1457
Train_MAE: 0.0351
Val_MAE: 0.1600
Train_MAE: 0.0509
Val_MAE: 0.1467
Train_MAE: 0.0315
Val_MAE: 0.1483
Train_MAE: 0.0395
Val_MAE: 0.1468
Train_MAE: 0.0320
Val_MAE: 0.1458
Train_MAE: 0.0307
Val_MAE: 0.1433
Train_MAE: 0.0293
Val_MAE: 0.1440
Train_MAE: 0.0302
Val_MAE: 0.1463
Train_MAE: 0.0320
Val_MAE: 0.1423
Train_MAE: 0.0284
Val_MAE: 0.1441
Train_MAE: 0.0309
Val_MAE: 0.1446
Train_MAE: 0.0283
Val_MAE: 0.1443
Train_MAE: 0.0270
Val_MAE: 0.1435
Train_MAE: 0.0278
Val_MAE: 0.1424
Train_MAE: 0.0282
Val_MAE: 0.1452
Train_MAE: 0.0279
Val_MAE: 0.1421
Train_MAE: 0.0284
Val_MAE: 0.1417
Train_MAE: 0.0268
Val_MAE: 0.1415
Train_MAE: 0.0266
Val_MAE: 0.1416
Train_MAE: 0.0248
Val_MAE: 0.1414
Train_MAE: 0.0242
Val_MAE: 0.1418
Train_MAE: 0.0251
Val_MAE: 0.1410
Train_MAE: 0.0250
Val_MAE: 0.1426
Train_MAE: 0.0247
Val_MAE: 0.1445
Train_MAE: 0.0272
Val_MAE: 0.1446
Train_MAE: 0.0274
Val_MAE: 0.1459
Train_MAE: 0.0274
Val_MAE: 0.1425
Train_MAE: 0.0233
Val_MAE: 0.1432
Train_MAE: 0.0253
Val_MAE: 0.1409
Train_MAE: 0.0214
Val_MAE: 0.1416
Train_MAE: 0.0218
Val_MAE: 0.1421
Train_MAE: 0.0207
Val_MAE: 0.1406
Train_MAE: 0.0202
Val_MAE: 0.1414
Train_MAE: 0.0213
Val_MAE: 0.1417
Train_MAE: 0.0225
Val_MAE: 0.1402
Train_MAE: 0.0219
Val_MAE: 0.1419
Train_MAE: 0.0209
Val_MAE: 0.1409
Train_MAE: 0.0205
Val_MAE: 0.1404
Train_MAE: 0.0211
Val_MAE: 0.1405
Train_MAE: 0.0196
Val_MAE: 0.1378
Train_MAE: 0.0200
Val_MAE: 0.1380
Train_MAE: 0.0218
Val_MAE: 0.1414
Train_MAE: 0.0201
Val_MAE: 0.1401
Train_MAE: 0.0207
Val_MAE: 0.1416
Train_MAE: 0.0200
Val_MAE: 0.1384
Train_MAE: 0.0178
Val_MAE: 0.1385
Train_MAE: 0.0180
Val_MAE: 0.1398
Train_MAE: 0.0177
Val_MAE: 0.1382
Train_MAE: 0.0163
Val_MAE: 0.1384
Train_MAE: 0.0192
Val_MAE: 0.1381
Train_MAE: 0.0170
Val_MAE: 0.1392
Train_MAE: 0.0176
Val_MAE: 0.1383
Train_MAE: 0.0180
Val_MAE: 0.1404
Train_MAE: 0.0183
Val_MAE: 0.1379
Train_MAE: 0.0165
Val_MAE: 0.1363
Train_MAE: 0.0144
Val_MAE: 0.1389
Train_MAE: 0.0171
Val_MAE: 0.1380
Train_MAE: 0.0160
Val_MAE: 0.1382
Train_MAE: 0.0165
Val_MAE: 0.1396
Train_MAE: 0.0180
Val_MAE: 0.1410
Train_MAE: 0.0176
Val_MAE: 0.1371
Train_MAE: 0.0148
Val_MAE: 0.1382
Train_MAE: 0.0146
Val_MAE: 0.1392
Train_MAE: 0.0167
Val_MAE: 0.1388
Train_MAE: 0.0165
Val_MAE: 0.1365
Train_MAE: 0.0137
Val_MAE: 0.1374
Train_MAE: 0.0134
Val_MAE: 0.1382
Train_MAE: 0.0130
Val_MAE: 0.1381
Train_MAE: 0.0136
Val_MAE: 0.1371
Train_MAE: 0.0133
Val_MAE: 0.1377
Train_MAE: 0.0135
Val_MAE: 0.1372
Train_MAE: 0.0134
Val_MAE: 0.1385
Train_MAE: 0.0141
Val_MAE: 0.1379
Train_MAE: 0.0141
Val_MAE: 0.1375
Train_MAE: 0.0131
Val_MAE: 0.1368
Train_MAE: 0.0114
Val_MAE: 0.1380
Train_MAE: 0.0132
Val_MAE: 0.1373
Train_MAE: 0.0136
Val_MAE: 0.1379
Train_MAE: 0.0126
Val_MAE: 0.1388
Train_MAE: 0.0160
Val_MAE: 0.1373
Train_MAE: 0.0128
Val_MAE: 0.1379
Train_MAE: 0.0150
Val_MAE: 0.1360
Train_MAE: 0.0104
Val_MAE: 0.1359
Train_MAE: 0.0107
Val_MAE: 0.1371
Train_MAE: 0.0123
Val_MAE: 0.1369
Train_MAE: 0.0132
Val_MAE: 0.1354
Train_MAE: 0.0109
Val_MAE: 0.1368
Train_MAE: 0.0123
Val_MAE: 0.1363
Train_MAE: 0.0113
Val_MAE: 0.1368
Train_MAE: 0.0127
Val_MAE: 0.1381
Train_MAE: 0.0130
Val_MAE: 0.1360
Train_MAE: 0.0096
Val_MAE: 0.1354
Train_MAE: 0.0103
Val_MAE: 0.1355
Train_MAE: 0.0108
Val_MAE: 0.1372
Train_MAE: 0.0128
Val_MAE: 0.1359
Train_MAE: 0.0100
Val_MAE: 0.1368
Train_MAE: 0.0124
Val_MAE: 0.1348
Train_MAE: 0.0096
Val_MAE: 0.1363
Train_MAE: 0.0099
Val_MAE: 0.1354
Train_MAE: 0.0106
Val_MAE: 0.1354
Train_MAE: 0.0089
Val_MAE: 0.1372
Train_MAE: 0.0119
Val_MAE: 0.1368
Train_MAE: 0.0122
Val_MAE: 0.1361
Train_MAE: 0.0103
Val_MAE: 0.1364
Train_MAE: 0.0104
Val_MAE: 0.1354
Train_MAE: 0.0095
Val_MAE: 0.1352
Train_MAE: 0.0093
Val_MAE: 0.1373
Train_MAE: 0.0132
Val_MAE: 0.1350
Train_MAE: 0.0093
Val_MAE: 0.1359
Train_MAE: 0.0106
Val_MAE: 0.1369
Train_MAE: 0.0116
Val_MAE: 0.1362
Train_MAE: 0.0101
Val_MAE: 0.1376
Train_MAE: 0.0126
Val_MAE: 0.1352
Train_MAE: 0.0106
Val_MAE: 0.1356
Train_MAE: 0.0090
Val_MAE: 0.1360
Train_MAE: 0.0102
Val_MAE: 0.1349
Train_MAE: 0.0093
Val_MAE: 0.1361
Train_MAE: 0.0107
Test MAE: 0.142327872062175
train= {'loss': [0.5542376726523213, 0.418786586016074, 0.33906537636943246, 0.27606128824168236, 0.26328805945385464, 0.22909944907002067, 0.2436731053494859, 0.19333815300601653, 0.1941711820405105, 0.16257297033551096, 0.17703809409305968, 0.1371497998292419, 0.1448234580029016, 0.14047744356352707, 0.14245202075475935, 0.1502483631002492, 0.15124478833428745, 0.12450824386772068, 0.1666559460519374, 0.11551835071081402, 0.11647141116789017, 0.14908129593421673, 0.11456422696168396, 0.09996467897261696, 0.10754322183543238, 0.08091789004446447, 0.084227764743498, 0.17934001177206807, 0.10223486231661391, 0.09825312954255905, 0.0995315354445885, 0.12943865238935098, 0.07814457224703383, 0.08151878159621666, 0.09827997492647719, 0.09422342804656632, 0.07920690514575476, 0.08013450688329236, 0.11319334753628435, 0.1036962750314296, 0.06548563091234229, 0.12494783291871521, 0.07338129788979716, 0.0806104561378216, 0.0849371066038636, 0.068650815678739, 0.0530000500295354, 0.06768650844179351, 0.07318644688047211, 0.0824949056252666, 0.05341553414004973, 0.12950728405481096, 0.06289628456378805, 0.11570236600678542, 0.07133251497115212, 0.05652073059958973, 0.043193375927278364, 0.04217737570576284, 0.06807152978305159, 0.0697487195332845, 0.056944457963965404, 0.053110988660790455, 0.036206544130698015, 0.06282808588839126, 0.032692594089727293, 0.05118918144839934, 0.04003612200419108, 0.03785697893164624, 0.04171799791270289, 0.04724077794743681, 0.032991631277676285, 0.04832472746399628, 0.036052772368507825, 0.030270009205259126, 0.031156005530521787, 0.04417677035276917, 0.04610577945051522, 0.053785822857385396, 0.025298129553082346, 0.041366615514645634, 0.046625493586748494, 0.039954407461758316, 0.02309704923081672, 0.025529828564874058, 0.023920889558463262, 0.020281854717210793, 0.020071479095809763, 0.02851739697072698, 0.03730611965574067, 0.037923116793577696, 0.030506764335193854, 0.02084854142419223, 0.018410363416562135, 0.019945848947283865, 0.030485799942893542, 0.020635237638977753, 0.019518953630293923, 0.017566790525940644, 0.013915807351298716, 0.01485378988857927, 0.02164948260647127, 0.043187281181072366, 0.031852072682873954, 0.02190081141460901, 0.014025656656287182, 0.01541286090324665, 0.013515350462376386, 0.03876165411938196, 0.015230744734577749, 0.015185665810245207, 0.016971573062326717, 0.0271973363284407, 0.018685491605736744, 0.014896063969053071, 0.013587494006102112, 0.021632341132766898, 0.01780531050144941, 0.011322844987628103, 0.014717145897876257, 0.013254758955418378, 0.016433299272909933, 0.016996543982933307, 0.03129783992109628, 0.015230879016306209, 0.009202829037589589, 0.011246772333123219, 0.010132816331139926, 0.011663149143087453, 0.01937798384962411, 0.011447609841138467, 0.01330603676280756, 0.010444153314349294, 0.010832651593219274, 0.01017000962947977, 0.009701136885018185, 0.01891356501086005, 0.0179106915134123, 0.0102542022178913, 0.007940911013504555, 0.008121128739981815, 0.00830123479338898, 0.011325944429156423, 0.01133957882037108, 0.008939379933236659, 0.008844391367901331, 0.007806469654214793, 0.00969721394023676, 0.008173843224843344, 0.008101637336029404, 0.00901000595640862, 0.008712830899775714, 0.008212052542587807, 0.008206632630578402, 0.007965023490204209, 0.008698571687457204, 0.009688597300956989, 0.009556042051863396, 0.006130913893381755, 0.006482301772325888, 0.005786999888803767, 0.009570465690788182, 0.008987654214617849, 0.00781315496598167, 0.01086237375763641, 0.006750593240233673, 0.005490107440400398, 0.005966357116041513, 0.005984045993322614, 0.013301832922573748, 0.007007711920244941, 0.008327746528318558, 0.005250467308636369, 0.0048130140907462985, 0.005141769675002701, 0.00552803826058048, 0.005418890851667558, 0.006315116224617794, 0.00552042085548927, 0.005374893717382146, 0.004126308293178164, 0.0070799315112760695, 0.007140208934915477, 0.00542347081776323, 0.007490466380941457, 0.00349089537543812, 0.005813651386348681, 0.00489462415377299, 0.003506957114427939, 0.0031901567146695895, 0.00503824634113531, 0.0037821500465787692, 0.0035415901534858792, 0.004151421716843529, 0.0032302158317346684, 0.0026080670027897276, 0.0034776939742866605, 0.004683088982242277, 0.0027599189130739234, 0.002972359972438593, 0.0024817623626226665, 0.0026919381029304416, 0.002119363895777998, 0.001988416430593907, 0.0021461279227815823, 0.002166181460194204, 0.0021022374945125362, 0.004042459287862668, 0.0038016250078705535, 0.004736146707644408, 0.0021598894020606733, 0.0019780030880851306, 0.0017789504651365608, 0.0016979275421164502, 0.0016689675635304943, 0.0016745292934878119, 0.0017091863114258338, 0.0018234980859975706, 0.001959904343232341, 0.001724482439030176, 0.0016912684358399489, 0.0016192175533579684, 0.0014937675889881178, 0.0014811096520259462, 0.001640182288213708, 0.0014416924838362068, 0.0015400105166709286, 0.0014327063985254574, 0.0018223023962700504, 0.001301592108847081, 0.0012416497900568206, 0.0011627448016199573, 0.0013218810674787938, 0.0012421012781132226, 0.0013090813125687085, 0.0012340722070343193, 0.001174553458032937, 0.0012171915036508407, 0.0010425474109320805, 0.0011708043601321078, 0.0010993220340246442, 0.0011613765495947037, 0.0011495657522102882, 0.0013418967525164287, 0.001381876396721807, 0.0009198908148140743, 0.0010666490114968397, 0.0010326550095930867, 0.0008861405410985837, 0.000903189953031211, 0.0008786089461425256, 0.0008680723693178988, 0.0008489898909097431, 0.0008915209735947093, 0.0008257367145056012, 0.0008257272085924258, 0.0008846601878089467, 0.0008431399005582962, 0.0007739958578142626, 0.0008052794755190268, 0.0007996502621420499, 0.0007903098032392304, 0.000861948505900372, 0.000780431018478569, 0.0008605598718270488, 0.0007008302571444676, 0.0007133183722523438, 0.0007286667823791504, 0.0007416408123641178, 0.0006948204218656167, 0.0007285933898783278, 0.0006833242188239919, 0.000719482528752294, 0.0006985609558807023, 0.0006507109722186779, 0.0006600331044060061, 0.0006750666632734496, 0.0007174469787499, 0.000636924486393216, 0.0006903009596227229, 0.0006211215908499969, 0.000627059746405174, 0.0006457876371241164, 0.0006026700139045715, 0.0006537778709811726, 0.0006716348145199919, 0.0006279540729933772, 0.0006285271254079096, 0.0006038186878993593, 0.0006021856833463428, 0.0006920375015543795, 0.0006012681058083458, 0.0006264633145825617, 0.0006510306192540575, 0.0005987331956282429, 0.0006650237516425122, 0.0006337140569056587, 0.0005866020232781597, 0.0005842391615626456, 0.000607430763628291, 0.0006203460881764861], 'mae': [0.454748438692641, 0.38035127486305675, 0.3457816989942529, 0.3121996693227483, 0.30673075270378725, 0.2812383147491806, 0.30430247865874194, 0.25432873868394174, 0.26212986036278735, 0.23350934872682066, 0.26987507699549884, 0.2167949676513672, 0.21906138014519352, 0.2151647984296426, 0.21548194446782956, 0.22788049982882094, 0.22919424648942618, 0.22679824390630612, 0.2599819665667654, 0.19616782528230514, 0.19205957171560703, 0.27457182434783584, 0.2178997829042632, 0.189312726601787, 0.18881677211016074, 0.16530585014957122, 0.1703634919791386, 0.2614276929833423, 0.23217253849424166, 0.22042506864701195, 0.1875445924956223, 0.23611836049748564, 0.17051115803334904, 0.16652679443359375, 0.19955703033798042, 0.17260659974196862, 0.19014667642527613, 0.15697108740094065, 0.24302155944122666, 0.17496864275000562, 0.15262364793097835, 0.18822604212267646, 0.15576221202981883, 0.15783980797077046, 0.19555690370757003, 0.17718366644848352, 0.13352137598498115, 0.15486929882531877, 0.1728488987889783, 0.20310066486227102, 0.12856017584088206, 0.1995239477047975, 0.15087451057872553, 0.22584511767858748, 0.1592198733625741, 0.15288116191995554, 0.12205739953052039, 0.13296234744718705, 0.14661878826974453, 0.17798353611737833, 0.12674211085527792, 0.1583704674380949, 0.10361887394696817, 0.15024898792135305, 0.10082114427939229, 0.1369706954079113, 0.10799970297977843, 0.11371085287510664, 0.1186267589700633, 0.14831639432359014, 0.10239419169809627, 0.1547888174824331, 0.10889107057417946, 0.09699564966662176, 0.09546803880011899, 0.1326477445405105, 0.15116919594249506, 0.14365816664421696, 0.08618964271983881, 0.1059427042117064, 0.11629648318235901, 0.10653220648053048, 0.08659246050078294, 0.11188716449956784, 0.08642708570107646, 0.0774076341212481, 0.07573793126248765, 0.0906906237547425, 0.10195095237644239, 0.10281794098601944, 0.09060354890494511, 0.077105686582368, 0.07773221224203877, 0.08002626484838025, 0.09558856350251999, 0.07588903931365616, 0.07443137004457671, 0.0708642718435704, 0.06533781139329932, 0.0723643193299743, 0.08078666665088172, 0.12260088427313443, 0.09783161645648124, 0.08049309938803487, 0.06380980590294147, 0.06685060194168968, 0.06199266718721938, 0.09169676660121172, 0.06471585679328305, 0.06593333715680001, 0.06944744614349015, 0.08149957656860352, 0.07330844594144273, 0.06727181905987618, 0.06318956682051735, 0.07514956353724687, 0.06833577430111239, 0.05660766842721523, 0.0645221184039938, 0.05698694579902737, 0.07120367028247351, 0.0654023323936024, 0.0846950541967633, 0.07101095681903007, 0.04979621404888986, 0.06317872562627683, 0.053768689605011334, 0.05543935161897506, 0.07495945349506948, 0.05431631241721668, 0.06303343279608364, 0.05381078829710511, 0.05297370340632296, 0.05029167526069729, 0.051549697744435276, 0.0715665159554317, 0.06438037170760932, 0.05305537958254759, 0.05044468517961173, 0.0468702480710786, 0.04811420659909303, 0.054163708083931054, 0.05587300486948298, 0.047633549262737405, 0.0479741096496582, 0.0463532908209439, 0.04909246817402456, 0.04708652934808841, 0.04583982489574915, 0.04887142948720647, 0.04791732218073702, 0.04768495450074645, 0.04641708286329248, 0.04425150498576548, 0.047151828634327854, 0.04816309611002604, 0.04931155566511483, 0.039669721976093864, 0.04008621182934991, 0.0419328568995684, 0.048266991801645565, 0.05497515886679463, 0.04987888774652591, 0.053615986615761946, 0.04240323483258828, 0.04001942722276709, 0.04334387834044708, 0.038296888614523, 0.06006565861318303, 0.045717157166579675, 0.044236487355725516, 0.035488213615855954, 0.03530925443802757, 0.034100291372715745, 0.03523874282836914, 0.03572918902868512, 0.04015837318595798, 0.03492199963536756, 0.03448202966273516, 0.03610083974640945, 0.037767539079161895, 0.03902093843482007, 0.035073231006490777, 0.05085942937039781, 0.031472408908537065, 0.03950475002157277, 0.03200888907772371, 0.030670977186882633, 0.029273863496451544, 0.030210347011171538, 0.03197954166894672, 0.028392408085965562, 0.03089190077507633, 0.028293157445973362, 0.027017143951065237, 0.02782354683711611, 0.028244964007673592, 0.027937129996288782, 0.028393271325648516, 0.02684167883862024, 0.026568566245594245, 0.024841782690464765, 0.024198934949677568, 0.025138476799274313, 0.025044326124520136, 0.024703760256712465, 0.027237089200951588, 0.027366188750869925, 0.02744734150239791, 0.02327132225036621, 0.025342875513537175, 0.021351911555761577, 0.0218067881704747, 0.020673638102652013, 0.020219667204495133, 0.021299163500467937, 0.0225066850925314, 0.021850215977635878, 0.02093034092037157, 0.02054102804468966, 0.021058436097769903, 0.0196195169426929, 0.019994136930882245, 0.021810015042622883, 0.02005442120563025, 0.020743145339790433, 0.019965130707313275, 0.017795063983434917, 0.01797812697531163, 0.017748320239713823, 0.016347935830039538, 0.019229058561653925, 0.016995090177689475, 0.017567096085383975, 0.0179792875531076, 0.018265739254567814, 0.016527027919374663, 0.01438514939669905, 0.017080267270406086, 0.015994236387055497, 0.016473301525773674, 0.01799183193294481, 0.017571590412622212, 0.01478977587031222, 0.014620468534272292, 0.016691118821330453, 0.016462260279162175, 0.01368642538443379, 0.013367952971622861, 0.012968430573912873, 0.013614857333830032, 0.013314755483605396, 0.013521058806057635, 0.01335137465904499, 0.014106940949100187, 0.014078266319187209, 0.013077157667313499, 0.011398134560420596, 0.013157825360352966, 0.01358336826850628, 0.01255941253969039, 0.015958906590253456, 0.01277737918941454, 0.014952328013277602, 0.010422977222793403, 0.010712601672643903, 0.012305984551879182, 0.013160867252569089, 0.010938288836643613, 0.012330111415906885, 0.011280764108416677, 0.012739310319396272, 0.012981375058492025, 0.009558955828348795, 0.010254031625287286, 0.01081927069302263, 0.012836097300737754, 0.010016872965056321, 0.012418105684477708, 0.009590451744781143, 0.009882760458979113, 0.010633380933739674, 0.008850388143254423, 0.011913022775759643, 0.012198922277867109, 0.01032029897317119, 0.01036762506112285, 0.009460645845566672, 0.009273002887594289, 0.013202505550165286, 0.009299968851023707, 0.010556625223707879, 0.011646859947292284, 0.010084954486496147, 0.012574811091368225, 0.010605814813197344, 0.008978578551062223, 0.010180302049921847, 0.009267101342650666, 0.010720657206129754]}
validation= {'loss': [0.6451956211835489, 0.530297816484824, 0.46031473970961295, 0.40487350814643946, 0.3929667856501437, 0.3599969271955819, 0.38039906819661456, 0.3390315483356344, 0.34265127949331, 0.306521470519318, 0.319784734440946, 0.2915716500117861, 0.2946611601730873, 0.30250205116710444, 0.2825646893731479, 0.2890347009417654, 0.31389346067932833, 0.2844488428927016, 0.3400796254475911, 0.2566571071230132, 0.281191880675568, 0.307226509883486, 0.28775063876448004, 0.2602014212772764, 0.2805261063849789, 0.2654168578400009, 0.24100020836139546, 0.33883710839282505, 0.2723579625973756, 0.2550738104458513, 0.2548744596284011, 0.31303497840618266, 0.23553808804216056, 0.2577232711616604, 0.2727502187093099, 0.2796366899863057, 0.21928653497805542, 0.25202069337340605, 0.2678361213070223, 0.2668404633971466, 0.21749963431522765, 0.3149378765588519, 0.25653179212548266, 0.25105127794989224, 0.24674783903976966, 0.23624746826873427, 0.23692111311287717, 0.2375654461740077, 0.2462884311018319, 0.25859756031255615, 0.23302532064503637, 0.3066839459298671, 0.2301317193042273, 0.2804753972196031, 0.2501892221385035, 0.23097592934794808, 0.2175928532392129, 0.2156415040465607, 0.24787207855575386, 0.23792510197080416, 0.23718656342605066, 0.22319773969979123, 0.2219183691616716, 0.22793298480154453, 0.2086773137936647, 0.22775676332671066, 0.22688282495257497, 0.22966757588002873, 0.21974947260714126, 0.24271436669360633, 0.20235212917985587, 0.214718588467302, 0.21124866090971847, 0.20486748355558548, 0.19910913226248203, 0.2307067739552465, 0.21830129075324398, 0.23326023145653735, 0.2173602224766523, 0.21517161665291623, 0.21547646358095365, 0.23561479853487563, 0.21346872702412223, 0.21267546730479975, 0.18904550048126573, 0.20492069200537671, 0.1982123495518476, 0.2000176221474834, 0.23800371981215204, 0.2407616582410089, 0.22057605611866918, 0.18909568348150144, 0.20561928584657865, 0.19046237550932785, 0.23931781724951734, 0.21634746419972387, 0.21171857022691046, 0.21719939133216595, 0.21018332996587644, 0.2111064867041577, 0.20494417212475305, 0.25843622492647716, 0.20995475505960398, 0.21065665935647898, 0.19619463778090204, 0.19059437718884698, 0.19106351918187633, 0.22596729760882497, 0.1807364211685356, 0.19925099953837777, 0.19569572361036278, 0.19701639811197916, 0.1964519983050467, 0.20354632673592404, 0.21038116805854884, 0.21254041825217762, 0.2079138481753996, 0.1938035679959703, 0.21142005920410156, 0.20333901767073007, 0.19597809890220905, 0.2018732750552824, 0.23111043031188264, 0.20206012945065552, 0.2012841893338609, 0.19146026962104884, 0.19288312977757946, 0.19317659838446255, 0.20461271001004624, 0.1855534739877986, 0.19052273103560524, 0.18691369856911144, 0.19199020561130567, 0.19428597373523931, 0.19243330242990078, 0.21021711415257946, 0.19586898540628367, 0.19814052801022583, 0.18110164554639793, 0.19295521440177127, 0.18898766616295123, 0.19449383088912087, 0.191033944316294, 0.1835400592321637, 0.18123156448890423, 0.1915368047253839, 0.18302142483064499, 0.18936968397820134, 0.19140958237922054, 0.19148228086274247, 0.19436674008424254, 0.18240370695618377, 0.1864874171114516, 0.18912817417890176, 0.1791622885342302, 0.2051873481136629, 0.19403959690839395, 0.19024862092116784, 0.18785513954601069, 0.1824599847026255, 0.17826011263090988, 0.18964684146574173, 0.18129587721550602, 0.1855475765535201, 0.17575859201365504, 0.17901460055647225, 0.17440404563114562, 0.18173494010136046, 0.20025312489476696, 0.18647367104716683, 0.17549220994971265, 0.1833505630493164, 0.17948947555717382, 0.1852348809954764, 0.18276631147011943, 0.18535000154341774, 0.18275067998074937, 0.18188124689562568, 0.18544133504231772, 0.18534022364123115, 0.18585297157024516, 0.17242942459281835, 0.1789048403158955, 0.17858594039390827, 0.182582208479958, 0.17819794841196346, 0.18230774758876056, 0.18106651306152344, 0.17560772512150907, 0.17397143923003097, 0.17440242328863034, 0.17349684923544698, 0.17939611413012976, 0.17997154148145653, 0.179559378788389, 0.17659191701604032, 0.18016730779888987, 0.18233773900174546, 0.1775958181797773, 0.17525319943482848, 0.17701106235898775, 0.18117996741985454, 0.18079518723761898, 0.17958017327319617, 0.17723072534319997, 0.1806086945807797, 0.1866033488306506, 0.1791122809223745, 0.19010535053823185, 0.18865210434486127, 0.18645950843547954, 0.18549158381319594, 0.1833688034408394, 0.18459802386404453, 0.1834454591246857, 0.179926959947608, 0.18341425095481434, 0.17813063215935368, 0.18425570959332346, 0.1801217945142724, 0.18217700651322288, 0.1792980720256937, 0.17586232327866827, 0.17497650234178566, 0.17966879921397944, 0.18263443037011157, 0.18240787243020945, 0.17962518231622104, 0.17621288080325073, 0.17792536198407755, 0.1776658858375988, 0.17602031532375292, 0.1776119867960612, 0.17665392777015423, 0.17864908021071862, 0.18298181994207974, 0.18037473744359508, 0.17747120473576689, 0.1783227591679014, 0.17671411886982535, 0.17779246143911076, 0.1745098815567192, 0.18315356901322288, 0.180084228515625, 0.17861894629467492, 0.17908507379992256, 0.17882103755556303, 0.17665597762184582, 0.1788668248845243, 0.17967297564977888, 0.17879647222058526, 0.17890374413852034, 0.1792642549536694, 0.17882989466875449, 0.17878121343152276, 0.1783223974293676, 0.179849186162839, 0.17857381667213879, 0.17944719599581313, 0.1778529923537682, 0.17880514298362293, 0.17775675894200116, 0.17939812013472634, 0.17698065439860025, 0.17752169466566767, 0.17752442414733186, 0.17760613320887775, 0.17619711777259564, 0.1756885572411548, 0.1776007948250606, 0.17752156312438264, 0.1767963321729638, 0.17818294174369725, 0.17825892875934468, 0.1768822944027254, 0.17712913162406835, 0.17697333193373407, 0.17726511242745938, 0.17564340569507117, 0.17603833647980088, 0.17874414071269418, 0.1756025511642982, 0.17746133913939027, 0.17765686429780106, 0.17783459849741268, 0.17720494325133576, 0.17933386221699332, 0.17703175818783112, 0.17759803245807515, 0.1767907416683504, 0.1771966561503794, 0.17648805420974206, 0.1773278905057359, 0.17757572524849025, 0.17663315520889458, 0.17646406984877314, 0.17784331310754534, 0.17718830327878052, 0.1781501112313106, 0.17732411965556527], 'mae': [0.4888454744185524, 0.42067244957233296, 0.3872897707182786, 0.3627455261932022, 0.3541404241803049, 0.3313412282658719, 0.3582690008755388, 0.31314225032411774, 0.3259424889224699, 0.29796716536598644, 0.3293046183969783, 0.2842432438642129, 0.28414450020625676, 0.282354815252896, 0.27979695111855696, 0.29164292346472026, 0.29176293296375494, 0.295205894557909, 0.3233257162159887, 0.2603800543423357, 0.26163791788035423, 0.3358348101034932, 0.28381400272764007, 0.26141802469889325, 0.26522070786048624, 0.2430475388450184, 0.24179239382689027, 0.3311981990419585, 0.3036087079979907, 0.2900653926805518, 0.26309243563948004, 0.3082666506712464, 0.24535600070295663, 0.24314490131948185, 0.2759286069321906, 0.24941091427857848, 0.25960244803593074, 0.23381263908298536, 0.30790627139738236, 0.2514422844196188, 0.22782249012212644, 0.2612225543493512, 0.2328904908278893, 0.23667923061327004, 0.2766616865136157, 0.25623189991918105, 0.21753124807072782, 0.2329852882472948, 0.24881932927274156, 0.27985820551028195, 0.21423905471275592, 0.2695410059786391, 0.23407973366222162, 0.30112845322181436, 0.24046713730384564, 0.2368670496447333, 0.20947785213075834, 0.21780849325245824, 0.2275433595153107, 0.25390164605502424, 0.2082127976691586, 0.23728896831643992, 0.19303729616362472, 0.22891152042081986, 0.18865243319807382, 0.22017790257245645, 0.19689768210224723, 0.20537211977202316, 0.20669849439599047, 0.2374926819198433, 0.18931143311248427, 0.23903962935524425, 0.20314409540987563, 0.18751791153831043, 0.1817225861823422, 0.22179057680327316, 0.23857594632554327, 0.2263384851916083, 0.18459907619432472, 0.1954747780986216, 0.20655493900693697, 0.19317045979116154, 0.1837581437209557, 0.20827712135753412, 0.18014190936910696, 0.17750406813347477, 0.17477528802279768, 0.18201587940084524, 0.19631335379063397, 0.19773579739976202, 0.18638047404672908, 0.1741076940777658, 0.17938834223253974, 0.1757011523191956, 0.19329818637891746, 0.1778853515098835, 0.1744864123991166, 0.17293648336125517, 0.1719839490693191, 0.17606487493405396, 0.18271410054173962, 0.22055340909409796, 0.18841230458226696, 0.18013581462290096, 0.1678739196952732, 0.16808322380329, 0.16677487033537064, 0.18575887570435973, 0.1641880232712318, 0.16902638577866827, 0.1696517440094345, 0.17515590273100753, 0.17223148784418216, 0.16812638030655083, 0.16762254429959703, 0.17629796609111215, 0.1744960368364707, 0.16215801239013672, 0.1686894866241806, 0.1666393499264772, 0.1729499115341011, 0.16995069350319347, 0.189904837772764, 0.1755346758612271, 0.16195755443353763, 0.16958186270176678, 0.16146674101380096, 0.16187807061206336, 0.17895582352561512, 0.15963883235536772, 0.16682883514755073, 0.15855850570503321, 0.1614196821190845, 0.1581924153470445, 0.15987260314239854, 0.1747349925424861, 0.16861795008867636, 0.16297268045359645, 0.16041578095534753, 0.15892730362113866, 0.15854475964074846, 0.1621762308581122, 0.16218028671440038, 0.15643050752837082, 0.15614119343373967, 0.1574805467978291, 0.15640689586770945, 0.15911177931160764, 0.15537142479556731, 0.15649050131611442, 0.15707469808644262, 0.15695420626936288, 0.15541362762451172, 0.15351866579603876, 0.15514462569664264, 0.16341397954129624, 0.1619290647835567, 0.15167082863292475, 0.1533679304451778, 0.15293130107309627, 0.1547931364212913, 0.1633487021786043, 0.15839611798867412, 0.15679518381754556, 0.1503927406223341, 0.1496421879735486, 0.15283031025152097, 0.15033799752421761, 0.1687109497771866, 0.15675740954519687, 0.15146514191024604, 0.15119593170867568, 0.14926681299319214, 0.14964754828091326, 0.14807656167567462, 0.14990722173931956, 0.15369185085954337, 0.14716211954752603, 0.14799628860649022, 0.1494574492005096, 0.15015245854169473, 0.14842353470024022, 0.14569723195043102, 0.16000860586933707, 0.14668056882660965, 0.14832638049947805, 0.14680454648774247, 0.14580751835614786, 0.14331062360741625, 0.143955921304637, 0.1462994279532597, 0.14226888240068808, 0.14409950957901177, 0.14464245719471197, 0.14433267746848621, 0.14345095623498674, 0.14242775138767286, 0.14516044485157933, 0.14207115392575317, 0.1416585746852831, 0.14145828115529027, 0.1416039302431304, 0.14144494067663435, 0.14183051010658002, 0.14101853863946323, 0.1426466360859487, 0.1444532679415297, 0.14459252631527253, 0.14591872555085983, 0.14251655271683616, 0.14317868769853964, 0.14092905768032732, 0.14161092385478402, 0.14210771144121542, 0.14063478886396036, 0.14137921388121857, 0.1416731209590517, 0.14023587895535874, 0.14193440579819952, 0.14086496418920055, 0.1404272715250651, 0.14051004387866492, 0.1377851771212172, 0.1380161307323938, 0.14144203580659012, 0.14005447256154027, 0.14157633945859713, 0.13842908267317147, 0.13853673825318785, 0.13977674506176477, 0.1382492876600945, 0.13841968843306618, 0.13813831066263133, 0.13915178145485363, 0.1383062121511876, 0.14035144893602394, 0.1379455697947535, 0.13625415714307762, 0.13885044229441676, 0.13799747379346824, 0.13822213534651132, 0.1395768242320795, 0.1410210269621049, 0.137080367954298, 0.1381568250984981, 0.13918613565379176, 0.13879172007242838, 0.13648516556312298, 0.13741838520970837, 0.13819872099777747, 0.13812930008460736, 0.13706499954749798, 0.1376730052904151, 0.13723703362475867, 0.13845628979562344, 0.13791574280837487, 0.1375464296889031, 0.13681791020535874, 0.13804334881661953, 0.13729481313420439, 0.13788213401005187, 0.13875084361810794, 0.13727648504849138, 0.13787294804364786, 0.13595293856215204, 0.13588829698233768, 0.13707508437934962, 0.13692804314624304, 0.13544423552765245, 0.13682750175739156, 0.13633144860980154, 0.136813393954573, 0.13808043249722185, 0.1360454559326172, 0.13540498141584725, 0.13553846293482288, 0.13724260220582457, 0.13591050553595882, 0.13680436145300154, 0.13479108920042543, 0.13628796325332818, 0.13542252025385013, 0.13544571536710892, 0.13721205174237833, 0.13681336106925174, 0.13605828120790678, 0.13643514698949352, 0.1353521895134586, 0.13523234444103022, 0.13728790721674075, 0.13502942008533697, 0.1358501609714552, 0.136898764248552, 0.13618967998986956, 0.1376016002961959, 0.1352102455051466, 0.1356454498466404, 0.13598241477177062, 0.13493284685858364, 0.13610356429527545]}
Toal time: 31818.53830575943



