{'dataset': 'dft_3d', 'target': 'bulk_modulus_kv', 'epochs': 300, 'batch_size': 64, 'weight_decay': 1e-05, 'learning_rate': 0.001, 'criterion': 'mse', 'optimizer': 'adamw', 'scheduler': 'onecycle', 'save_dataloader': False, 'pin_memory': False, 'write_predictions': True, 'num_workers': 0, 'classification_threshold': None, 'model': {'name': 'alignn'}}
config:
{'version': '5d616626c6e006c074ae5bef4e7469c4d53d13bc',
 'dataset': 'dft_3d',
 'target': 'bulk_modulus_kv',
 'atom_features': 'cgcnn',
 'neighbor_strategy': 'k-nearest',
 'id_tag': 'jid',
 'random_seed': 123,
 'classification_threshold': None,
 'n_val': None,
 'n_test': None,
 'n_train': None,
 'train_ratio': 0.8,
 'val_ratio': 0.1,
 'test_ratio': 0.1,
 'target_multiplication_factor': None,
 'epochs': 300,
 'batch_size': 64,
 'weight_decay': 1e-05,
 'learning_rate': 0.001,
 'filename': 'sample',
 'warmup_steps': 2000,
 'criterion': 'mse',
 'optimizer': 'adamw',
 'scheduler': 'onecycle',
 'pin_memory': False,
 'save_dataloader': False,
 'write_checkpoint': True,
 'write_predictions': True,
 'store_outputs': True,
 'progress': True,
 'log_tensorboard': False,
 'standard_scalar_and_pca': False,
 'use_canonize': True,
 'num_workers': 0,
 'cutoff': 8.0,
 'max_neighbors': 12,
 'keep_data_order': False,
 'distributed': False,
 'n_early_stopping': None,
 'output_dir': '/home/knc6/Software/version/alignn/alignn/tests/ALL_DATASETS/JV15_55k/jv_bulk_modulus_kv_alignn',
 'model': {'name': 'alignn',
           'alignn_layers': 4,
           'gcn_layers': 4,
           'atom_input_features': 92,
           'edge_input_features': 80,
           'triplet_input_features': 40,
           'embedding_features': 64,
           'hidden_features': 256,
           'output_features': 1,
           'link': 'identity',
           'zero_inflated': False,
           'classification': False}}
Obtaining 3D dataset 55k ...
Reference:https://www.nature.com/articles/s41524-020-00440-1
Loading the zipfile...
Loading completed.
MAX val: 470.81
MIN val: -22.71
MAD: 52.808829145597855
Baseline MAE: 53.757684735493505
data range 470.81 -22.71
warning: could not load CGCNN features for 103
Setting it to max atomic number available here, 103
warning: could not load CGCNN features for 101
Setting it to max atomic number available here, 103
warning: could not load CGCNN features for 102
Setting it to max atomic number available here, 103
building line graphs
data range 437.6 -10.17
building line graphs
data range 339.56 -17.1
building line graphs
n_train: 15744
n_val: 1968
n_test: 1968
name='alignn' alignn_layers=4 gcn_layers=4 atom_input_features=92 edge_input_features=80 triplet_input_features=40 embedding_features=64 hidden_features=256 output_features=1 link='identity' zero_inflated=False classification=False
Val_MAE: 75.6110
Train_MAE: 75.1384
Val_MAE: 68.8498
Train_MAE: 68.4413
Val_MAE: 64.8253
Train_MAE: 64.2562
Val_MAE: 55.9975
Train_MAE: 55.0230
Val_MAE: 51.5763
Train_MAE: 50.4600
Val_MAE: 46.7326
Train_MAE: 45.6910
Val_MAE: 43.8161
Train_MAE: 42.4788
Val_MAE: 40.0620
Train_MAE: 38.6160
Val_MAE: 31.3022
Train_MAE: 29.5681
Val_MAE: 28.5627
Train_MAE: 26.5438
Val_MAE: 23.9653
Train_MAE: 21.9312
Val_MAE: 22.4096
Train_MAE: 19.8363
Val_MAE: 17.4199
Train_MAE: 14.8248
Val_MAE: 16.3255
Train_MAE: 13.6020
Val_MAE: 15.8444
Train_MAE: 13.1232
Val_MAE: 15.7200
Train_MAE: 12.7154
Val_MAE: 15.6639
Train_MAE: 12.6046
Val_MAE: 16.0656
Train_MAE: 12.7617
Val_MAE: 15.7405
Train_MAE: 12.0400
Val_MAE: 16.3373
Train_MAE: 12.7433
Val_MAE: 15.1865
Train_MAE: 11.5009
Val_MAE: 17.3691
Train_MAE: 13.7616
Val_MAE: 15.5868
Train_MAE: 10.7764
Val_MAE: 18.8589
Train_MAE: 15.3102
Val_MAE: 17.2601
Train_MAE: 12.7059
Val_MAE: 15.5531
Train_MAE: 10.6991
Val_MAE: 14.4222
Train_MAE: 9.9196
Val_MAE: 15.6803
Train_MAE: 10.8507
Val_MAE: 15.1220
Train_MAE: 10.7752
Val_MAE: 15.7366
Train_MAE: 10.4982
Val_MAE: 15.8958
Train_MAE: 11.0658
Val_MAE: 15.1651
Train_MAE: 9.7872
Val_MAE: 14.5358
Train_MAE: 9.8840
Val_MAE: 15.5293
Train_MAE: 10.9529
Val_MAE: 15.7244
Train_MAE: 9.9852
Val_MAE: 14.8038
Train_MAE: 9.0846
Val_MAE: 14.7206
Train_MAE: 9.2915
Val_MAE: 17.4212
Train_MAE: 11.7732
Val_MAE: 14.9431
Train_MAE: 10.1727
Val_MAE: 16.1922
Train_MAE: 11.4687
Val_MAE: 15.5739
Train_MAE: 10.0860
Val_MAE: 15.5873
Train_MAE: 9.7532
Val_MAE: 15.5559
Train_MAE: 9.8485
Val_MAE: 15.7858
Train_MAE: 9.8441
Val_MAE: 15.8025
Train_MAE: 9.9690
Val_MAE: 15.6569
Train_MAE: 9.6228
Val_MAE: 14.8957
Train_MAE: 8.4456
Val_MAE: 14.3505
Train_MAE: 8.2263
Val_MAE: 15.8901
Train_MAE: 9.6043
Val_MAE: 15.6461
Train_MAE: 8.9887
Val_MAE: 14.2595
Train_MAE: 8.3648
Val_MAE: 14.4361
Train_MAE: 7.8702
Val_MAE: 14.2037
Train_MAE: 7.6998
Val_MAE: 14.9231
Train_MAE: 9.6530
Val_MAE: 14.8710
Train_MAE: 8.9570
Val_MAE: 14.8339
Train_MAE: 8.4980
Val_MAE: 13.2030
Train_MAE: 6.7738
Val_MAE: 14.2125
Train_MAE: 7.0322
Val_MAE: 13.6445
Train_MAE: 6.7837
Val_MAE: 15.1717
Train_MAE: 9.6006
Val_MAE: 15.0223
Train_MAE: 9.2902
Val_MAE: 14.7896
Train_MAE: 9.1088
Val_MAE: 14.6021
Train_MAE: 8.7780
Val_MAE: 12.9907
Train_MAE: 6.0233
Val_MAE: 13.0308
Train_MAE: 6.3559
Val_MAE: 15.0133
Train_MAE: 9.1286
Val_MAE: 14.3845
Train_MAE: 7.7809
Val_MAE: 13.4484
Train_MAE: 6.9323
Val_MAE: 12.9508
Train_MAE: 6.0400
Val_MAE: 12.7364
Train_MAE: 5.6442
Val_MAE: 12.5960
Train_MAE: 5.0440
Val_MAE: 13.3629
Train_MAE: 6.0908
Val_MAE: 16.2694
Train_MAE: 10.4587
Val_MAE: 15.0374
Train_MAE: 9.8942
Val_MAE: 13.0647
Train_MAE: 7.0166
Val_MAE: 14.3202
Train_MAE: 6.9596
Val_MAE: 13.1901
Train_MAE: 6.2220
Val_MAE: 13.6725
Train_MAE: 6.1273
Val_MAE: 12.5125
Train_MAE: 4.9739
Val_MAE: 12.2996
Train_MAE: 4.6750
Val_MAE: 12.3692
Train_MAE: 4.4602
Val_MAE: 12.6363
Train_MAE: 4.8699
Val_MAE: 12.3009
Train_MAE: 4.3748
Val_MAE: 12.7310
Train_MAE: 5.2985
Val_MAE: 12.7648
Train_MAE: 6.0673
Val_MAE: 13.1299
Train_MAE: 5.8494
Val_MAE: 16.6843
Train_MAE: 12.2442
Val_MAE: 13.8044
Train_MAE: 6.9687
Val_MAE: 13.9681
Train_MAE: 6.1179
Val_MAE: 13.4903
Train_MAE: 5.5556
Val_MAE: 12.1747
Train_MAE: 4.2790
Val_MAE: 12.6956
Train_MAE: 4.8904
Val_MAE: 12.6823
Train_MAE: 5.5160
Val_MAE: 14.6940
Train_MAE: 7.7469
Val_MAE: 14.2996
Train_MAE: 6.6480
Val_MAE: 13.5619
Train_MAE: 5.9134
Val_MAE: 12.5959
Train_MAE: 4.6462
Val_MAE: 11.9118
Train_MAE: 3.8212
Val_MAE: 11.7756
Train_MAE: 3.7165
Val_MAE: 11.6998
Train_MAE: 3.4729
Val_MAE: 12.0893
Train_MAE: 4.0984
Val_MAE: 11.8725
Train_MAE: 3.8574
Val_MAE: 12.2514
Train_MAE: 3.8482
Val_MAE: 12.1144
Train_MAE: 3.9865
Val_MAE: 12.0084
Train_MAE: 4.0687
Val_MAE: 11.7689
Train_MAE: 3.9808
Val_MAE: 11.9480
Train_MAE: 3.8118
Val_MAE: 11.8146
Train_MAE: 4.1430
Val_MAE: 12.3900
Train_MAE: 4.9892
Val_MAE: 14.2522
Train_MAE: 8.3297
Val_MAE: 13.5436
Train_MAE: 6.7680
Val_MAE: 12.8870
Train_MAE: 4.9918
Val_MAE: 12.5161
Train_MAE: 3.8419
Val_MAE: 12.0886
Train_MAE: 3.6251
Val_MAE: 11.9956
Train_MAE: 3.6284
Val_MAE: 11.8057
Train_MAE: 3.1017
Val_MAE: 11.8693
Train_MAE: 3.0939
Val_MAE: 11.5860
Train_MAE: 3.1933
Val_MAE: 11.6190
Train_MAE: 2.9365
Val_MAE: 11.5239
Train_MAE: 2.9091
Val_MAE: 11.8519
Train_MAE: 3.3477
Val_MAE: 11.6408
Train_MAE: 3.0131
Val_MAE: 11.6008
Train_MAE: 2.9624
Val_MAE: 11.5508
Train_MAE: 3.4685
Val_MAE: 12.3034
Train_MAE: 4.0640
Val_MAE: 13.3017
Train_MAE: 6.8018
Val_MAE: 13.0929
Train_MAE: 5.8997
Val_MAE: 12.4293
Train_MAE: 4.5024
Val_MAE: 11.8365
Train_MAE: 3.3919
Val_MAE: 11.6373
Train_MAE: 3.0898
Val_MAE: 11.8581
Train_MAE: 2.8898
Val_MAE: 11.8926
Train_MAE: 3.0684
Val_MAE: 11.5335
Train_MAE: 2.6992
Val_MAE: 11.7121
Train_MAE: 2.9222
Val_MAE: 11.8188
Train_MAE: 2.9138
Val_MAE: 11.4205
Train_MAE: 2.7754
Val_MAE: 11.5332
Train_MAE: 2.7667
Val_MAE: 12.2430
Train_MAE: 3.7318
Val_MAE: 11.5161
Train_MAE: 2.7913
Val_MAE: 11.5453
Train_MAE: 3.1305
Val_MAE: 11.6307
Train_MAE: 2.9632
Val_MAE: 11.8959
Train_MAE: 3.5530
Val_MAE: 11.1258
Train_MAE: 2.8893
Val_MAE: 11.5041
Train_MAE: 3.5935
Val_MAE: 11.2971
Train_MAE: 2.9546
Val_MAE: 11.2307
Train_MAE: 2.9796
Val_MAE: 11.3237
Train_MAE: 2.8919
Val_MAE: 11.7206
Train_MAE: 3.4334
Val_MAE: 11.3408
Train_MAE: 2.8399
Val_MAE: 11.5006
Train_MAE: 3.1586
Val_MAE: 11.1298
Train_MAE: 3.1178
Val_MAE: 11.2671
Train_MAE: 3.2243
Val_MAE: 11.2908
Train_MAE: 2.9055
Val_MAE: 11.0536
Train_MAE: 2.7485
Val_MAE: 11.3982
Train_MAE: 3.0078
Val_MAE: 11.7694
Train_MAE: 4.0773
Val_MAE: 11.7481
Train_MAE: 3.5053
Val_MAE: 11.4308
Train_MAE: 3.0455
Val_MAE: 11.3925
Train_MAE: 2.6276
Val_MAE: 11.1062
Train_MAE: 2.3673
Val_MAE: 11.0977
Train_MAE: 2.3502
Val_MAE: 11.0135
Train_MAE: 2.4204
Val_MAE: 11.0166
Train_MAE: 2.2483
Val_MAE: 11.3140
Train_MAE: 2.5559
Val_MAE: 11.1113
Train_MAE: 2.3215
Val_MAE: 11.0517
Train_MAE: 2.3663
Val_MAE: 11.1287
Train_MAE: 2.2392
Val_MAE: 11.2342
Train_MAE: 2.6353
Val_MAE: 11.2380
Train_MAE: 2.4895
Val_MAE: 11.1122
Train_MAE: 2.3026
Val_MAE: 11.2483
Train_MAE: 2.4195
Val_MAE: 11.0491
Train_MAE: 2.2458
Val_MAE: 10.9881
Train_MAE: 2.0836
Val_MAE: 10.9042
Train_MAE: 2.1479
Val_MAE: 10.9445
Train_MAE: 2.1708
Val_MAE: 11.1788
Train_MAE: 2.2736
Val_MAE: 10.8983
Train_MAE: 2.1434
Val_MAE: 10.8462
Train_MAE: 2.0386
Val_MAE: 10.9719
Train_MAE: 2.2344
Val_MAE: 10.7968
Train_MAE: 2.1224
Val_MAE: 10.9610
Train_MAE: 2.0646
Val_MAE: 10.7020
Train_MAE: 2.1037
Val_MAE: 10.6788
Train_MAE: 1.9992
Val_MAE: 10.7091
Train_MAE: 2.0587
Val_MAE: 10.7967
Train_MAE: 2.0851
Val_MAE: 10.7965
Train_MAE: 2.0979
Val_MAE: 10.6547
Train_MAE: 2.2607
Val_MAE: 10.7385
Train_MAE: 1.9672
Val_MAE: 10.9026
Train_MAE: 2.0228
Val_MAE: 10.7377
Train_MAE: 1.9826
Val_MAE: 10.8340
Train_MAE: 2.1815
Val_MAE: 10.6085
Train_MAE: 1.9263
Val_MAE: 10.9307
Train_MAE: 2.0813
Val_MAE: 10.6270
Train_MAE: 1.7852
Val_MAE: 11.0685
Train_MAE: 2.4626
Val_MAE: 11.1324
Train_MAE: 1.8884
Val_MAE: 11.0359
Train_MAE: 1.8247
Val_MAE: 10.9574
Train_MAE: 1.7731
Val_MAE: 10.8432
Train_MAE: 1.5894
Val_MAE: 10.8486
Train_MAE: 1.6433
Val_MAE: 10.7584
Train_MAE: 1.5144
Val_MAE: 10.7822
Train_MAE: 1.5430
Val_MAE: 10.8686
Train_MAE: 1.6422
Val_MAE: 10.7747
Train_MAE: 1.6511
Val_MAE: 10.7229
Train_MAE: 1.7332
Val_MAE: 10.6745
Train_MAE: 1.6027
Val_MAE: 10.7386
Train_MAE: 1.5468
Val_MAE: 10.7040
Train_MAE: 1.6922
Val_MAE: 10.8245
Train_MAE: 1.7013
Val_MAE: 10.8875
Train_MAE: 1.8482
Val_MAE: 10.8380
Train_MAE: 1.7042
Val_MAE: 10.6345
Train_MAE: 1.4907
Val_MAE: 10.7606
Train_MAE: 1.4990
Val_MAE: 10.5194
Train_MAE: 1.3286
Val_MAE: 10.7237
Train_MAE: 1.5637
Val_MAE: 10.7070
Train_MAE: 1.5647
Val_MAE: 10.5853
Train_MAE: 1.4283
Val_MAE: 10.5200
Train_MAE: 1.4764
Val_MAE: 10.6477
Train_MAE: 1.4275
Val_MAE: 10.6364
Train_MAE: 1.3527
Val_MAE: 10.6241
Train_MAE: 1.3394
Val_MAE: 10.8866
Train_MAE: 1.8423
Val_MAE: 10.6969
Train_MAE: 1.3951
Val_MAE: 10.7343
Train_MAE: 1.4827
Val_MAE: 10.6216
Train_MAE: 1.3543
Val_MAE: 10.6029
Train_MAE: 1.3171
Val_MAE: 10.5025
Train_MAE: 1.2981
Val_MAE: 10.7688
Train_MAE: 1.5821
Val_MAE: 10.5714
Train_MAE: 1.2406
Val_MAE: 10.5918
Train_MAE: 1.1994
Val_MAE: 10.5667
Train_MAE: 1.1418
Val_MAE: 10.5903
Train_MAE: 1.1909
Val_MAE: 10.5837
Train_MAE: 1.1755
Val_MAE: 10.6275
Train_MAE: 1.2853
Val_MAE: 10.5948
Train_MAE: 1.2771
Val_MAE: 10.5459
Train_MAE: 1.1325
Val_MAE: 10.6634
Train_MAE: 1.2825
Val_MAE: 10.6052
Train_MAE: 1.1664
Val_MAE: 10.6027
Train_MAE: 1.2173
Val_MAE: 10.5635
Train_MAE: 1.3535
Val_MAE: 10.6178
Train_MAE: 1.1142
Val_MAE: 10.5621
Train_MAE: 1.1792
Val_MAE: 10.5885
Train_MAE: 1.1951
Val_MAE: 10.5359
Train_MAE: 1.1054
Val_MAE: 10.6484
Train_MAE: 1.3856
Val_MAE: 10.5929
Train_MAE: 1.1063
Val_MAE: 10.5751
Train_MAE: 1.0770
Val_MAE: 10.6123
Train_MAE: 1.1160
Val_MAE: 10.7073
Train_MAE: 1.2387
Val_MAE: 10.4944
Train_MAE: 0.9469
Val_MAE: 10.4949
Train_MAE: 0.9142
Val_MAE: 10.5142
Train_MAE: 1.0326
Val_MAE: 10.4332
Train_MAE: 0.9458
Val_MAE: 10.5203
Train_MAE: 0.9938
Val_MAE: 10.5442
Train_MAE: 0.9888
Val_MAE: 10.5470
Train_MAE: 1.1284
Val_MAE: 10.5946
Train_MAE: 1.1351
Val_MAE: 10.6145
Train_MAE: 1.0491
Val_MAE: 10.4977
Train_MAE: 0.8727
Val_MAE: 10.5265
Train_MAE: 0.9342
Val_MAE: 10.5342
Train_MAE: 0.9689
Val_MAE: 10.5142
Train_MAE: 0.8275
Val_MAE: 10.4728
Train_MAE: 0.7912
Val_MAE: 10.5608
Train_MAE: 1.0512
Val_MAE: 10.4733
Train_MAE: 0.8919
Val_MAE: 10.4773
Train_MAE: 0.7766
Val_MAE: 10.5554
Train_MAE: 0.9410
Val_MAE: 10.5815
Train_MAE: 0.9910
Val_MAE: 10.5329
Train_MAE: 0.9885
Val_MAE: 10.5130
Train_MAE: 0.9885
Val_MAE: 10.4703
Train_MAE: 0.7808
Val_MAE: 10.4935
Train_MAE: 0.8074
Val_MAE: 10.4902
Train_MAE: 0.8270
Val_MAE: 10.5057
Train_MAE: 0.8453
Val_MAE: 10.4791
Train_MAE: 0.8145
Val_MAE: 10.5373
Train_MAE: 0.9170
Val_MAE: 10.5914
Train_MAE: 1.0750
Val_MAE: 10.4663
Train_MAE: 0.6962
Val_MAE: 10.5201
Train_MAE: 0.8425
Val_MAE: 10.4752
Train_MAE: 0.7592
Val_MAE: 10.4973
Train_MAE: 0.7985
Val_MAE: 10.4153
Train_MAE: 0.7377
Val_MAE: 10.4485
Train_MAE: 0.6959
Val_MAE: 10.5197
Train_MAE: 0.9034
Val_MAE: 10.4428
Train_MAE: 0.7861
Val_MAE: 10.5106
Train_MAE: 0.9642
Val_MAE: 10.4893
Train_MAE: 0.7971
Val_MAE: 10.5298
Train_MAE: 0.8535
Val_MAE: 10.4999
Train_MAE: 0.7583
Val_MAE: 10.4757
Train_MAE: 0.7970
Val_MAE: 10.4680
Train_MAE: 0.8513
Val_MAE: 10.5102
Train_MAE: 0.8412
Val_MAE: 10.5239
Train_MAE: 0.8175
Val_MAE: 10.4489
Train_MAE: 0.7417
Val_MAE: 10.4874
Train_MAE: 0.7837
Val_MAE: 10.4561
Train_MAE: 0.7105
Val_MAE: 10.5007
Train_MAE: 0.8697
Val_MAE: 10.5191
Train_MAE: 0.8944
Val_MAE: 10.4891
Train_MAE: 0.7325
Val_MAE: 10.5203
Train_MAE: 0.8804
Test MAE: 10.39883750537789
train= {'loss': [7719.9380081300815, 6287.244918699187, 5447.75, 3982.8490853658536, 3371.223069105691, 2792.589430894309, 2423.513973577236, 2029.832825203252, 1361.6519308943089, 1131.0340447154472, 833.2067454268292, 740.7404090447154, 530.349974593496, 476.0027629573171, 463.9500762195122, 431.3631859756098, 423.3361915650407, 427.90625, 376.7612106199187, 381.9329903455285, 332.7587017276423, 422.0662157012195, 292.1341780995935, 488.4035823170732, 362.4096481199187, 271.3697916666667, 239.8796525660569, 271.2081110264228, 281.4923462906504, 251.01171875, 268.6700012703252, 223.89748475609755, 245.5908600101626, 268.4488058943089, 240.56837525406505, 181.58790650406505, 209.5743775406504, 246.84657647357724, 237.3930068597561, 289.2940485264228, 237.061721925813, 234.487884273374, 218.4369124745935, 233.96665396341464, 222.82204331808944, 207.02307228150406, 154.3827013465447, 150.70428417174796, 208.89072027439025, 183.82502858231706, 178.36270960365854, 139.7073805894309, 154.5382367886179, 218.1356707317073, 191.2214494410569, 162.4587461890244, 110.18415745680895, 112.12416634908537, 105.7077775660569, 215.1762576219512, 207.26635543699186, 191.27497776930895, 177.04231770833334, 88.63837811229675, 102.36418635670732, 190.1707475863821, 142.5219448678862, 122.64791349085365, 89.4907425050813, 76.2912935086382, 61.575536712398375, 88.9497268800813, 249.4806592987805, 255.688278074187, 123.45880176575203, 114.96559800558943, 99.81205538617886, 83.43522929369918, 56.811864837398375, 59.145221989329265, 54.0131637449187, 61.9697662601626, 48.04279408028455, 63.66204585873984, 83.38542460619918, 92.8369934578252, 359.5189278455285, 121.6988694105691, 111.62630208333333, 67.83018927845528, 50.12006161077236, 53.98204871697155, 90.6169175558943, 196.86412284044715, 144.45326791158536, 81.98400978150407, 52.39665507494919, 40.275088922764226, 41.31265879065041, 35.52832825203252, 41.255184514735774, 38.31857374237805, 40.391454681148375, 40.088501969004064, 46.025025406504064, 42.79417555894309, 44.47191390370935, 47.20662633384146, 65.94666222052845, 199.79209540142276, 124.68825425558943, 64.62356691438008, 40.12662363440041, 34.732802972560975, 36.4014267339939, 28.71723354928862, 27.831558847815042, 30.790588875127032, 27.460754890752032, 28.583204315929876, 33.9664276867378, 28.634521484375, 28.06204943152947, 33.34529820884146, 52.022584000254064, 146.74126651422765, 95.56192041412602, 54.65204601753049, 33.847942073170735, 29.900200076219512, 26.574871776549795, 29.166174415650406, 24.703023770960368, 26.7097366457063, 25.7985641355437, 26.60673113567073, 25.862175670096544, 37.581828791920735, 25.36521254128557, 31.249303306021343, 28.33149136178862, 33.31956618394309, 27.5385543699187, 38.74627238948171, 28.222334698932926, 28.5809951410061, 27.08909346417683, 35.566787347560975, 26.544848434324187, 29.468873062754064, 30.27043834159045, 30.337999793572155, 27.541144642403456, 26.388489265752032, 29.321459762449187, 50.22724529979675, 38.0453307609248, 35.69997300558943, 24.916339160950205, 21.2765716304624, 22.38371959159045, 21.269719813897357, 21.258501254446138, 23.052406869283537, 21.75434292428862, 21.700747110010163, 23.479603340955286, 26.99242370109248, 27.59208269817073, 20.397335889862806, 22.798443057672763, 19.575131796239837, 18.446743600736788, 19.34814056148374, 19.188145087017276, 19.974732437754064, 20.71773572472053, 17.87375150851118, 19.710570296620936, 18.442757955411587, 18.55051527566057, 18.700393800813007, 18.0394912347561, 18.399747522865855, 18.631615615472562, 18.54474720528455, 20.175622459349594, 17.849041698424795, 19.869976260797763, 18.548198917047763, 19.382945487169714, 16.983259495680894, 17.99510527820122, 16.473013528963413, 24.293091812754064, 16.39244414538872, 16.041458253938007, 15.982220409362297, 14.604997340256606, 15.581492354230184, 14.01880478277439, 14.825390823488313, 14.516558887512703, 15.170235486534553, 15.35804612074441, 14.433007217035062, 14.766962811229675, 14.866781591399898, 15.595591971544716, 15.591866345909553, 14.928041039443597, 13.858436150279472, 14.1543990964812, 13.09463029566819, 14.495393086255081, 13.658854166666666, 14.078901089303862, 13.354545779344512, 13.522559189214938, 12.855490583714431, 13.601388822726118, 15.449068891323678, 13.582703132939532, 13.504013433689025, 13.340445169588415, 13.665571011178862, 12.973823361280488, 14.683586802909044, 12.644740655170224, 12.551480921303353, 12.066947130652947, 12.72179977292937, 12.350316985835875, 12.782997689596037, 12.563867584476625, 12.279707745807928, 12.516520182291666, 12.157076703823678, 12.477474553798272, 12.712268364138719, 11.99402252445376, 12.308917285950203, 12.249846171557419, 12.07628997554624, 12.809627874110772, 12.05053909425813, 11.89939818343496, 11.78443772230691, 12.364824496633638, 11.600088724275915, 11.377992211318597, 11.624302313579776, 11.452359827553353, 11.665963025597053, 11.389973958333334, 11.76063599625254, 11.946378382240853, 11.649121292238313, 11.168372673716972, 11.315354261941057, 11.429610089557928, 11.127863193915143, 10.976147659425813, 11.583824591908028, 11.277434062182419, 10.941217686102643, 11.27452025374746, 11.378690890180387, 11.320359144753557, 11.362720520515753, 10.959948035759654, 11.005306585048272, 10.976871149326728, 11.05151764164126, 10.937834452807419, 11.120490345528456, 11.408970282329776, 10.764608739837398, 10.989104976498984, 10.83202728023374, 10.839409060594512, 10.835061174098069, 10.735013139926322, 11.040959055830793, 10.88137345973069, 11.15414900120681, 10.906249007558435, 10.999787617505081, 10.794506041984247, 10.89370256129319, 10.955809554433435, 10.925390228023375, 10.889837001397357, 10.7999267578125, 10.851811602832825, 10.752124817390753, 10.987521039761178, 11.043606889926322, 10.766340550368394, 10.999316207761687], 'mae': [75.13838605182927, 68.44133479420732, 64.25620077489837, 55.02301273501016, 50.459992695630085, 45.691041031504064, 42.47884908536585, 38.61596084222561, 29.56810927972561, 26.543784536966463, 21.9312118902439, 19.836314627794714, 14.824753676003557, 13.601986272548272, 13.123163983104675, 12.715376691120428, 12.60460830316311, 12.761673097688009, 12.040010281694613, 12.743319875825712, 11.500948774136178, 13.761619505843496, 10.77636917238313, 15.310226316374491, 12.705941549161585, 10.699083777947154, 9.919615210556403, 10.850745720591972, 10.775180227388212, 10.498195741234756, 11.065819717035062, 9.787163959286078, 9.88403518800813, 10.952925519245428, 9.985241401486281, 9.084558006224594, 9.291514823107216, 11.7731735105437, 10.17270368870681, 11.468659687817581, 10.086017887766769, 9.753165888592479, 9.848531583460366, 9.844143006859756, 9.969031853404472, 9.62277693089431, 8.445577481897866, 8.226341681751778, 9.604293699186991, 8.988660362677846, 8.364760980373475, 7.870159366266514, 7.6998181847052845, 9.653033496887703, 8.956952847116362, 8.497966487233231, 6.7737535926384655, 7.032217630525914, 6.783686444042175, 9.600565096227134, 9.290206785124491, 9.108803353658537, 8.777962041095021, 6.02330749015498, 6.355869200171494, 9.128551948361281, 7.7809348998031, 6.932290674225102, 6.03997802734375, 5.644168016387195, 5.0440038665523375, 6.090764239551575, 10.458676718114837, 9.894242449504572, 7.016573774136178, 6.959551059133638, 6.22198684816438, 6.1272677289761175, 4.973852638306656, 4.675016077553353, 4.460249241774644, 4.8698923994855186, 4.374797045699949, 5.298515505907012, 6.067308875603405, 5.849358287284045, 12.244165436039125, 6.9687068287919205, 6.117918929433435, 5.5556293270452235, 4.278971354166667, 4.89044189453125, 5.516020487963669, 7.746941295096545, 6.648009757685467, 5.913355881605691, 4.646240730595783, 3.8211856004668445, 3.7164817748030994, 3.472913044254954, 4.09836510138783, 3.857413439246697, 3.8482410461922, 3.9864710365853657, 4.0687010230087655, 3.9808381863725866, 3.811811493664253, 4.143044572535569, 4.9892161299542686, 8.329655344893293, 6.768035640561484, 4.991758765243903, 3.8419435082412345, 3.6250846056434196, 3.628373556989964, 3.1017019380398883, 3.093919707507622, 3.19332984986344, 2.936485228499746, 2.909145200155615, 3.3476644376429117, 3.013068222418064, 2.9624092908409554, 3.4685056112646087, 4.064021412919208, 6.801827779630336, 5.899665646436738, 4.502352086509147, 3.391939488852896, 3.0897926392594006, 2.8898218666634907, 3.06844993529281, 2.699243561039126, 2.922164792936992, 2.9138248102451727, 2.7753566338763975, 2.766725865806021, 3.7318244251778454, 2.7912895388719514, 3.130477036887068, 2.9631667718654726, 3.553010769975864, 2.8893283750952743, 3.593473605024136, 2.9546029936007367, 2.9795765450330283, 2.891926587112551, 3.433396750349339, 2.839876996792429, 3.1586273937690548, 3.117755672795986, 3.2243007256732725, 2.9054865643260923, 2.748502901899136, 3.0077812380907014, 4.077304498936103, 3.505332140418572, 3.045452335016514, 2.627582829173018, 2.367264662331682, 2.3502482592574947, 2.42041015625, 2.248341382034426, 2.555858581046748, 2.3214548002413617, 2.3663459095528454, 2.239182386941057, 2.635294844464558, 2.489462999793572, 2.30258079466781, 2.419461878334604, 2.2458270313293953, 2.0836414864392783, 2.1479246558212655, 2.1707711568692836, 2.273561307085239, 2.1434117759146343, 2.0385511444836126, 2.234409239233994, 2.122437515879065, 2.0646342455856197, 2.1036600252477133, 1.9991591538840192, 2.0586627246887703, 2.0850688655201983, 2.0978969170795225, 2.2606799117917937, 1.9672372709444867, 2.0227992360184834, 1.9825523810658028, 2.1815215320121952, 1.9263363970004446, 2.08128605043985, 1.7852081050717734, 2.462605298050051, 1.8883964724657012, 1.8246597662204649, 1.7730738942216082, 1.589403105945122, 1.6433109190405868, 1.514412608573107, 1.5429776819740855, 1.6422228309197155, 1.6510951344559832, 1.7331601274691946, 1.6027431332968114, 1.5467974655027312, 1.6921901547811864, 1.7013059786664761, 1.8481870821821011, 1.7041700409679879, 1.4906809737042683, 1.4989851044445504, 1.328624322162411, 1.563738194907584, 1.564734110018102, 1.4283371591955665, 1.4763932887131606, 1.4274733628683942, 1.3526891692867125, 1.3394155114646848, 1.8423017796462144, 1.3950551350911458, 1.4827311446027058, 1.3542970486772739, 1.3170631222608613, 1.2980934701314786, 1.582103698234248, 1.2405659745379192, 1.1994452747872206, 1.1417780930433816, 1.1908501105579903, 1.1754888519039, 1.2852667831793063, 1.277050979738313, 1.1324544767054117, 1.2825349637163364, 1.1663564046223958, 1.217252653788745, 1.3534923026232215, 1.1141507528661712, 1.1792189435261051, 1.1951219512195121, 1.1054369918699187, 1.3856496423240598, 1.1062542674987297, 1.0770036650866996, 1.1159861494855183, 1.2386892675384273, 0.9469414687738186, 0.9142055356405615, 1.0326463032544144, 0.9457801880875254, 0.9938391708746189, 0.9887932257923654, 1.1284466255001906, 1.1351468466161712, 1.0491435973624872, 0.8727323330514799, 0.9341897111598069, 0.9689065576568852, 0.8275006302003938, 0.7912194476864203, 1.0511735125285824, 0.891919826104389, 0.7766322934530615, 0.9410208725347752, 0.9910480530281377, 0.9884755204363567, 0.9885169548716971, 0.7807517943343496, 0.8074373694939342, 0.8270444172184642, 0.8452516261155043, 0.814539653498952, 0.9170382119775787, 1.0749775956316692, 0.6961946564961256, 0.8425238384463922, 0.7591846124912666, 0.798509861395611, 0.7376555155932418, 0.6958984747165586, 0.9033879225816184, 0.7860956579689088, 0.9642124951370363, 0.7971404160910506, 0.8534608546311293, 0.7582520275581174, 0.7970431568176766, 0.8513324396397041, 0.8412373860677084, 0.8174895619958397, 0.7417288679417556, 0.7836934531607279, 0.7105061600847942, 0.8697480612654027, 0.8943573246157266, 0.7324976727245299, 0.8803708456396088]}
validation= {'loss': [7873.266666666666, 6397.014583333334, 5551.970833333334, 4145.420833333334, 3538.31015625, 2936.141145833333, 2594.8596354166666, 2225.8885416666667, 1547.0826822916667, 1328.4309895833333, 1025.965234375, 968.7102864583334, 758.8753255208334, 711.8524739583333, 719.5026041666666, 742.6750651041667, 732.6849609375, 806.4008463541667, 719.5721354166667, 765.1092447916667, 714.1358723958333, 854.56875, 775.3305338541667, 976.6326171875, 898.5417317708333, 754.3370442708333, 724.6905598958333, 813.3972005208333, 667.6344401041666, 799.0214192708333, 750.7649088541667, 738.8867838541667, 681.2167317708333, 744.9815104166667, 827.490625, 759.5283203125, 724.0048828125, 787.3879557291667, 688.6313151041667, 758.9202473958334, 880.3279947916667, 856.328125, 868.8434895833333, 798.4006510416667, 769.9421223958333, 770.1392578125, 719.1393229166666, 701.7026041666667, 870.2825520833334, 916.15625, 786.9035807291667, 788.9719401041667, 750.3538411458334, 805.2022135416667, 778.4199869791667, 788.3006510416667, 688.5013671875, 760.0138671875, 749.0665364583333, 769.1315104166666, 733.2580729166667, 733.5126953125, 766.6764322916666, 691.4625651041666, 695.6632161458333, 772.0015625, 798.1175130208334, 680.4106770833333, 718.4243489583333, 692.683984375, 655.876953125, 683.5498046875, 807.0190755208333, 795.8049479166667, 667.5720052083333, 841.933203125, 664.7055338541667, 772.8658203125, 660.6524739583333, 670.664453125, 664.0328776041666, 704.412109375, 685.5319010416666, 648.5940755208334, 657.548828125, 747.7400390625, 768.5611328125, 763.4798177083334, 832.8541015625, 742.4469401041666, 681.7178385416667, 710.9908854166666, 638.74921875, 830.1440755208333, 885.051953125, 709.7517578125, 667.5989583333334, 611.5693359375, 617.9630208333333, 603.6639322916667, 617.2567057291667, 609.2122395833334, 623.5222005208333, 625.1892578125, 634.1157552083333, 609.7759765625, 614.62578125, 604.135546875, 691.5106119791667, 724.900390625, 693.6453125, 713.0096354166667, 722.6436197916667, 674.9641276041667, 640.4951822916667, 643.8603515625, 654.0485677083333, 639.5378255208333, 642.8697265625, 628.9469401041666, 667.3277994791666, 624.4275390625, 638.4121744791667, 618.1662760416667, 694.08203125, 649.8212890625, 687.9451171875, 679.6552734375, 628.7042317708333, 626.1841145833333, 632.9541666666667, 631.5608072916667, 624.0881510416667, 622.7070963541667, 628.4154296875, 617.9204427083333, 614.8340494791667, 631.9388671875, 609.548046875, 601.4102864583333, 624.4176432291666, 631.29921875, 597.4870442708333, 622.7614583333333, 598.6266927083333, 615.6756510416667, 613.2740885416666, 611.6717447916667, 627.1780598958334, 599.7624348958333, 605.7731119791666, 584.7366536458334, 619.73203125, 604.40625, 603.6222005208333, 666.3379557291667, 645.4112630208333, 670.3930989583333, 638.9143229166667, 631.6397786458333, 633.3862630208333, 611.403125, 616.2149739583333, 620.0615234375, 608.6579427083333, 611.5471354166667, 640.7344401041667, 642.0794270833334, 629.4212239583334, 635.5091796875, 630.5741536458333, 617.9920572916667, 620.1136067708334, 624.2950520833333, 633.5299479166666, 622.8490234375, 628.5735677083334, 619.6783203125, 625.6412760416666, 609.5309244791666, 619.227734375, 614.5920572916667, 605.5455078125, 607.2248697916667, 611.1407552083333, 603.7372395833333, 610.6807942708333, 604.6374348958333, 615.8171223958333, 602.1475260416667, 620.4720703125, 605.2874348958334, 613.3392578125, 606.9679036458333, 615.1020182291667, 646.4827473958334, 631.863671875, 625.5479166666667, 637.6899739583333, 627.3330078125, 617.6494791666667, 618.8638671875, 615.3725911458333, 611.9227213541667, 617.8384114583333, 607.09375, 620.0333984375, 611.93046875, 610.2396484375, 615.3900390625, 619.7583333333333, 613.6586588541667, 615.2586588541667, 610.8583333333333, 616.8668619791666, 619.9664713541666, 612.8389973958333, 594.9565755208333, 615.8736979166666, 618.9919270833333, 620.425, 618.6212890625, 628.1387369791667, 619.9639322916667, 610.7470052083333, 615.266796875, 614.4751302083333, 618.0231119791666, 612.9412760416667, 616.9552734375, 622.3407552083333, 622.155078125, 621.7733723958333, 616.4100260416667, 616.2844401041667, 625.4218098958333, 618.5842447916667, 624.2384765625, 615.7319661458333, 606.7719401041667, 625.1860677083333, 615.2182942708333, 621.8530598958333, 625.23125, 611.914453125, 618.1206380208333, 615.7369140625, 619.3936848958333, 623.9436848958334, 614.5389322916667, 607.9395833333333, 610.3402994791667, 606.2120442708333, 611.4490234375, 615.6346354166667, 607.6315755208333, 611.2841145833333, 618.2712890625, 616.6104817708333, 613.8048828125, 610.9162109375, 616.3678385416666, 610.0309895833333, 615.9104817708334, 611.0261067708333, 618.8247395833333, 618.0408203125, 618.8216145833334, 613.58515625, 612.5208984375, 611.4481770833333, 610.4696614583333, 612.87265625, 614.4645182291666, 614.9720052083334, 614.8571614583333, 611.8468098958333, 611.8150390625, 613.5115234375, 610.5728515625, 611.8823567708333, 601.4150390625, 614.1059895833333, 608.6689453125, 606.2864583333334, 608.6327473958333, 609.458984375, 615.994921875, 613.7973307291667, 609.8688151041666, 606.4513020833333, 616.4846354166667, 616.5544270833333, 605.8336588541666, 613.1472005208333, 610.6666666666666, 608.508203125, 611.1806640625, 611.8518880208334, 613.2425130208334], 'mae': [75.61104329427083, 68.849755859375, 64.82532145182292, 55.997477213541664, 51.576253255208336, 46.732645670572914, 43.816121419270836, 40.06197509765625, 31.302154541015625, 28.562679036458334, 23.965313720703126, 22.409588623046876, 17.419864908854166, 16.325489298502603, 15.844416300455729, 15.720020548502605, 15.663925170898438, 16.06564737955729, 15.740482584635417, 16.337312825520833, 15.186505126953126, 17.369063313802084, 15.586821492513021, 18.858941650390626, 17.26009724934896, 15.553055826822916, 14.422218831380208, 15.680342610677084, 15.121954345703125, 15.736558024088541, 15.895817057291667, 15.165138753255208, 14.535789998372396, 15.52928466796875, 15.72435811360677, 14.803790283203124, 14.72063496907552, 17.42115478515625, 14.94313456217448, 16.192156982421874, 15.5739013671875, 15.587318929036458, 15.555935668945313, 15.785781860351562, 15.802466837565104, 15.656946818033854, 14.895699055989583, 14.350509643554688, 15.890073649088542, 15.64605000813802, 14.259524536132812, 14.436142985026041, 14.203669230143229, 14.923072306315104, 14.87102559407552, 14.833933512369791, 13.20302022298177, 14.212491861979167, 13.64454345703125, 15.171732584635416, 15.02225341796875, 14.789643351236979, 14.602066040039062, 12.990664672851562, 13.030836995442709, 15.01332499186198, 14.384489949544271, 13.448363240559896, 12.950787353515626, 12.736355590820313, 12.59595438639323, 13.362944539388021, 16.26937967936198, 15.037398274739584, 13.064659627278646, 14.320228068033854, 13.190071614583333, 13.672541300455729, 12.512485758463542, 12.299574788411459, 12.369210815429687, 12.636349487304688, 12.300864664713542, 12.730972290039062, 12.76482442220052, 13.12992451985677, 16.684342447916666, 13.804403686523438, 13.968083699544271, 13.490317789713542, 12.174696858723959, 12.69556884765625, 12.68227030436198, 14.694015502929688, 14.2996337890625, 13.561935424804688, 12.595948282877604, 11.911832682291667, 11.775557454427084, 11.699783325195312, 12.089307657877605, 11.872488403320313, 12.251392618815105, 12.114409383138021, 12.008399454752604, 11.76888427734375, 11.94804178873698, 11.814602661132813, 12.389977010091146, 14.252154541015624, 13.543645222981771, 12.886996459960937, 12.516122436523437, 12.088619995117188, 11.995635986328125, 11.80565185546875, 11.869276936848959, 11.586001586914062, 11.618973795572916, 11.523888142903646, 11.851875813802083, 11.6407958984375, 11.600821940104167, 11.550764973958334, 12.303374226888021, 13.301680501302084, 13.092885335286459, 12.42933349609375, 11.836541748046875, 11.637252807617188, 11.85809326171875, 11.892606608072917, 11.533541870117187, 11.712108357747395, 11.818825276692708, 11.420477294921875, 11.533192952473959, 12.242957560221354, 11.516087849934896, 11.545289103190104, 11.63065897623698, 11.89594217936198, 11.125802612304687, 11.50413818359375, 11.297122192382812, 11.230668131510416, 11.323673502604167, 11.720575968424479, 11.340792846679687, 11.500581868489583, 11.12978515625, 11.267125447591146, 11.290757242838541, 11.053610229492188, 11.398195393880208, 11.769420369466145, 11.7480712890625, 11.430849202473958, 11.392454020182292, 11.106232706705729, 11.097748819986979, 11.013491821289062, 11.016597493489583, 11.314011637369791, 11.111327107747396, 11.051734415690104, 11.128729248046875, 11.234249877929688, 11.238002522786458, 11.112153116861979, 11.248319498697917, 11.049109903971354, 10.988099161783854, 10.904159545898438, 10.944545491536458, 11.178772989908854, 10.898277791341146, 10.846217854817708, 10.971919759114583, 10.796830240885416, 10.961033121744792, 10.701950073242188, 10.678835042317708, 10.709096272786459, 10.796697998046875, 10.796525065104166, 10.654696655273437, 10.738450113932291, 10.902574666341145, 10.737748209635416, 10.834048461914062, 10.608460489908854, 10.930736287434895, 10.626955159505208, 11.06849873860677, 11.132441202799479, 11.035909016927084, 10.957368977864583, 10.843239339192708, 10.848637898763021, 10.75844014485677, 10.782199096679687, 10.86863505045573, 10.774706013997395, 10.722900390625, 10.674476114908854, 10.738571166992188, 10.704026285807291, 10.824451700846355, 10.887508138020833, 10.837984212239583, 10.63445332845052, 10.760614013671875, 10.519425455729166, 10.723660278320313, 10.706999715169271, 10.585289510091146, 10.519961547851562, 10.647744750976562, 10.636402384440105, 10.62410380045573, 10.886563110351563, 10.696851603190105, 10.734348551432292, 10.621631876627605, 10.602876790364583, 10.502516682942709, 10.768768310546875, 10.571385701497396, 10.591834513346354, 10.56666259765625, 10.590260823567709, 10.58370361328125, 10.627468872070313, 10.594769287109376, 10.54588623046875, 10.66344502766927, 10.605206298828126, 10.602690633138021, 10.563490804036459, 10.617753092447916, 10.562078857421875, 10.588509114583333, 10.535884602864583, 10.64842529296875, 10.592947387695313, 10.575112915039062, 10.612334187825521, 10.707271321614583, 10.494358317057292, 10.49486592610677, 10.514210001627605, 10.43320821126302, 10.520328776041667, 10.544171142578126, 10.547025553385417, 10.594618733723959, 10.614547729492188, 10.49768778483073, 10.526479085286459, 10.534232584635417, 10.514231363932291, 10.472813924153646, 10.560829671223958, 10.473263549804688, 10.477318318684896, 10.555421956380208, 10.581548055013021, 10.532851155598959, 10.512982177734376, 10.470264689127605, 10.49347635904948, 10.490205891927083, 10.50569559733073, 10.479083251953124, 10.537284342447917, 10.59143778483073, 10.466306559244792, 10.520149739583333, 10.475186157226563, 10.497278849283854, 10.41526590983073, 10.448496500651041, 10.519688924153646, 10.442777506510417, 10.510630289713541, 10.489319864908854, 10.529790242513021, 10.49989522298177, 10.475743611653646, 10.467959594726562, 10.510181681315105, 10.523866780598958, 10.448919677734375, 10.487375895182291, 10.456084187825521, 10.500651041666666, 10.519091796875, 10.489111328125, 10.520285034179688]}
Toal time: 9196.514278888702



