{'dataset': 'dft_3d', 'target': 'shear_modulus_gv', 'epochs': 300, 'batch_size': 64, 'weight_decay': 1e-05, 'learning_rate': 0.001, 'criterion': 'mse', 'optimizer': 'adamw', 'scheduler': 'onecycle', 'save_dataloader': False, 'pin_memory': False, 'write_predictions': True, 'num_workers': 0, 'classification_threshold': None, 'model': {'name': 'alignn'}}
config:
{'version': '5d616626c6e006c074ae5bef4e7469c4d53d13bc',
 'dataset': 'dft_3d',
 'target': 'shear_modulus_gv',
 'atom_features': 'cgcnn',
 'neighbor_strategy': 'k-nearest',
 'id_tag': 'jid',
 'random_seed': 123,
 'classification_threshold': None,
 'n_val': None,
 'n_test': None,
 'n_train': None,
 'train_ratio': 0.8,
 'val_ratio': 0.1,
 'test_ratio': 0.1,
 'target_multiplication_factor': None,
 'epochs': 300,
 'batch_size': 64,
 'weight_decay': 1e-05,
 'learning_rate': 0.001,
 'filename': 'sample',
 'warmup_steps': 2000,
 'criterion': 'mse',
 'optimizer': 'adamw',
 'scheduler': 'onecycle',
 'pin_memory': False,
 'save_dataloader': False,
 'write_checkpoint': True,
 'write_predictions': True,
 'store_outputs': True,
 'progress': True,
 'log_tensorboard': False,
 'standard_scalar_and_pca': False,
 'use_canonize': True,
 'num_workers': 0,
 'cutoff': 8.0,
 'max_neighbors': 12,
 'keep_data_order': False,
 'distributed': False,
 'n_early_stopping': None,
 'output_dir': '/home/knc6/Software/version/alignn/alignn/tests/ALL_DATASETS/JV15_55k/jv_shear_modulus_gv_alignn',
 'model': {'name': 'alignn',
           'alignn_layers': 4,
           'gcn_layers': 4,
           'atom_input_features': 92,
           'edge_input_features': 80,
           'triplet_input_features': 40,
           'embedding_features': 64,
           'hidden_features': 256,
           'output_features': 1,
           'link': 'identity',
           'zero_inflated': False,
           'classification': False}}
Obtaining 3D dataset 55k ...
Reference:https://www.nature.com/articles/s41524-020-00440-1
Loading the zipfile...
Loading completed.
MAX val: 529.3
MIN val: -24.96
MAD: 27.15672164386278
Baseline MAE: 27.058664895957268
data range 529.3 -24.96
warning: could not load CGCNN features for 103
Setting it to max atomic number available here, 103
warning: could not load CGCNN features for 101
Setting it to max atomic number available here, 103
warning: could not load CGCNN features for 102
Setting it to max atomic number available here, 103
building line graphs
data range 529.3 -24.74
building line graphs
data range 266.6 -24.54
building line graphs
n_train: 15744
n_val: 1968
n_test: 1968
name='alignn' alignn_layers=4 gcn_layers=4 atom_input_features=92 edge_input_features=80 triplet_input_features=40 embedding_features=64 hidden_features=256 output_features=1 link='identity' zero_inflated=False classification=False
Val_MAE: 33.5472
Train_MAE: 33.3804
Val_MAE: 29.4492
Train_MAE: 29.0921
Val_MAE: 27.4638
Train_MAE: 26.8682
Val_MAE: 22.7313
Train_MAE: 21.9385
Val_MAE: 21.0363
Train_MAE: 19.7092
Val_MAE: 19.3319
Train_MAE: 17.9854
Val_MAE: 18.3583
Train_MAE: 16.7173
Val_MAE: 16.5823
Train_MAE: 14.4463
Val_MAE: 14.5165
Train_MAE: 12.4964
Val_MAE: 14.8690
Train_MAE: 12.6828
Val_MAE: 13.6535
Train_MAE: 11.5598
Val_MAE: 13.3926
Train_MAE: 10.7136
Val_MAE: 12.6587
Train_MAE: 10.0210
Val_MAE: 13.0018
Train_MAE: 9.8860
Val_MAE: 12.4872
Train_MAE: 9.5398
Val_MAE: 14.5397
Train_MAE: 11.5208
Val_MAE: 12.9110
Train_MAE: 9.5004
Val_MAE: 12.6579
Train_MAE: 9.1198
Val_MAE: 13.8122
Train_MAE: 10.3113
Val_MAE: 12.5007
Train_MAE: 8.8316
Val_MAE: 12.5209
Train_MAE: 8.7650
Val_MAE: 12.6608
Train_MAE: 9.0439
Val_MAE: 13.2690
Train_MAE: 9.2151
Val_MAE: 12.4858
Train_MAE: 8.8476
Val_MAE: 14.6107
Train_MAE: 11.0032
Val_MAE: 12.6599
Train_MAE: 8.6376
Val_MAE: 13.6453
Train_MAE: 8.9781
Val_MAE: 12.5039
Train_MAE: 7.5836
Val_MAE: 12.8687
Train_MAE: 8.1607
Val_MAE: 13.2157
Train_MAE: 8.6354
Val_MAE: 12.5083
Train_MAE: 7.5023
Val_MAE: 12.2910
Train_MAE: 7.0404
Val_MAE: 12.0591
Train_MAE: 7.1261
Val_MAE: 12.8241
Train_MAE: 7.9809
Val_MAE: 12.8070
Train_MAE: 7.3343
Val_MAE: 12.6174
Train_MAE: 8.1280
Val_MAE: 12.5824
Train_MAE: 7.8445
Val_MAE: 13.1674
Train_MAE: 7.8867
Val_MAE: 11.9306
Train_MAE: 6.3740
Val_MAE: 12.0510
Train_MAE: 6.6790
Val_MAE: 11.7664
Train_MAE: 6.3258
Val_MAE: 11.9100
Train_MAE: 6.3964
Val_MAE: 12.0049
Train_MAE: 6.3102
Val_MAE: 12.0545
Train_MAE: 7.1546
Val_MAE: 12.3099
Train_MAE: 6.5865
Val_MAE: 12.3713
Train_MAE: 7.0949
Val_MAE: 12.1510
Train_MAE: 7.1864
Val_MAE: 12.1345
Train_MAE: 6.7070
Val_MAE: 12.1146
Train_MAE: 6.3133
Val_MAE: 12.3802
Train_MAE: 7.0040
Val_MAE: 12.5681
Train_MAE: 7.1381
Val_MAE: 11.7004
Train_MAE: 5.6501
Val_MAE: 12.0263
Train_MAE: 6.0085
Val_MAE: 12.0697
Train_MAE: 5.9773
Val_MAE: 12.5327
Train_MAE: 6.9086
Val_MAE: 11.9791
Train_MAE: 6.4513
Val_MAE: 11.7619
Train_MAE: 6.1829
Val_MAE: 13.8753
Train_MAE: 8.8163
Val_MAE: 11.2396
Train_MAE: 5.2783
Val_MAE: 11.5498
Train_MAE: 5.3601
Val_MAE: 11.3429
Train_MAE: 5.1375
Val_MAE: 11.1320
Train_MAE: 4.8336
Val_MAE: 11.4897
Train_MAE: 5.4711
Val_MAE: 11.2346
Train_MAE: 4.9695
Val_MAE: 11.3056
Train_MAE: 5.1454
Val_MAE: 11.8706
Train_MAE: 6.2445
Val_MAE: 12.3776
Train_MAE: 7.0025
Val_MAE: 11.2112
Train_MAE: 5.0430
Val_MAE: 11.2266
Train_MAE: 4.9532
Val_MAE: 11.8835
Train_MAE: 6.2215
Val_MAE: 11.4092
Train_MAE: 5.6054
Val_MAE: 11.7395
Train_MAE: 5.7642
Val_MAE: 11.1555
Train_MAE: 4.6802
Val_MAE: 11.2739
Train_MAE: 4.6138
Val_MAE: 11.1271
Train_MAE: 4.4000
Val_MAE: 11.0748
Train_MAE: 4.4877
Val_MAE: 11.7021
Train_MAE: 5.6070
Val_MAE: 11.3688
Train_MAE: 5.3048
Val_MAE: 11.6934
Train_MAE: 5.5118
Val_MAE: 10.5528
Train_MAE: 4.3199
Val_MAE: 11.2531
Train_MAE: 4.6439
Val_MAE: 11.4412
Train_MAE: 5.1370
Val_MAE: 11.0911
Train_MAE: 4.5194
Val_MAE: 10.8735
Train_MAE: 4.4132
Val_MAE: 11.0276
Train_MAE: 4.0831
Val_MAE: 10.5957
Train_MAE: 3.8192
Val_MAE: 10.5096
Train_MAE: 3.4377
Val_MAE: 10.6316
Train_MAE: 3.4284
Val_MAE: 10.7855
Train_MAE: 4.1510
Val_MAE: 10.7736
Train_MAE: 3.8688
Val_MAE: 11.2078
Train_MAE: 4.6740
Val_MAE: 11.0393
Train_MAE: 4.8855
Val_MAE: 11.0073
Train_MAE: 4.4854
Val_MAE: 10.7659
Train_MAE: 3.6847
Val_MAE: 10.5188
Train_MAE: 3.5545
Val_MAE: 10.4411
Train_MAE: 3.2515
Val_MAE: 10.5082
Train_MAE: 3.3277
Val_MAE: 10.3054
Train_MAE: 3.1606
Val_MAE: 10.8866
Train_MAE: 3.8036
Val_MAE: 10.6178
Train_MAE: 3.4696
Val_MAE: 10.7319
Train_MAE: 3.6637
Val_MAE: 11.0248
Train_MAE: 4.6350
Val_MAE: 10.8045
Train_MAE: 3.8632
Val_MAE: 10.4026
Train_MAE: 3.3586
Val_MAE: 10.3874
Train_MAE: 3.1574
Val_MAE: 10.5541
Train_MAE: 3.0873
Val_MAE: 10.5121
Train_MAE: 3.1672
Val_MAE: 10.3969
Train_MAE: 3.0586
Val_MAE: 10.4552
Train_MAE: 3.4136
Val_MAE: 10.2560
Train_MAE: 2.8882
Val_MAE: 10.4589
Train_MAE: 3.3472
Val_MAE: 10.5558
Train_MAE: 4.0248
Val_MAE: 10.8018
Train_MAE: 4.6485
Val_MAE: 10.6251
Train_MAE: 3.8632
Val_MAE: 10.8635
Train_MAE: 3.4920
Val_MAE: 10.2816
Train_MAE: 2.6883
Val_MAE: 10.5767
Train_MAE: 3.0802
Val_MAE: 10.1496
Train_MAE: 2.7510
Val_MAE: 10.2331
Train_MAE: 2.5782
Val_MAE: 10.1798
Train_MAE: 2.5524
Val_MAE: 10.3643
Train_MAE: 2.5160
Val_MAE: 10.3932
Train_MAE: 2.5721
Val_MAE: 10.1106
Train_MAE: 2.8314
Val_MAE: 10.1524
Train_MAE: 2.5998
Val_MAE: 10.1445
Train_MAE: 2.4215
Val_MAE: 10.1702
Train_MAE: 2.5889
Val_MAE: 10.0721
Train_MAE: 2.4319
Val_MAE: 10.0876
Train_MAE: 2.6442
Val_MAE: 10.0382
Train_MAE: 2.4241
Val_MAE: 10.1967
Train_MAE: 2.5995
Val_MAE: 10.1299
Train_MAE: 2.5873
Val_MAE: 10.2013
Train_MAE: 2.5581
Val_MAE: 10.1708
Train_MAE: 2.8775
Val_MAE: 9.9424
Train_MAE: 2.7200
Val_MAE: 10.0802
Train_MAE: 2.6068
Val_MAE: 9.9667
Train_MAE: 2.3953
Val_MAE: 9.8506
Train_MAE: 2.3114
Val_MAE: 10.0160
Train_MAE: 2.3386
Val_MAE: 9.9650
Train_MAE: 2.3871
Val_MAE: 10.6358
Train_MAE: 3.6714
Val_MAE: 10.1055
Train_MAE: 2.6409
Val_MAE: 10.2416
Train_MAE: 2.8445
Val_MAE: 10.0860
Train_MAE: 2.3588
Val_MAE: 10.0804
Train_MAE: 2.5538
Val_MAE: 10.3659
Train_MAE: 2.8592
Val_MAE: 10.0260
Train_MAE: 2.4449
Val_MAE: 9.8912
Train_MAE: 1.9768
Val_MAE: 9.7915
Train_MAE: 1.8537
Val_MAE: 9.8303
Train_MAE: 1.9049
Val_MAE: 9.8672
Train_MAE: 2.0360
Val_MAE: 9.7989
Train_MAE: 1.9144
Val_MAE: 9.8805
Train_MAE: 2.0667
Val_MAE: 9.8659
Train_MAE: 2.0598
Val_MAE: 9.7989
Train_MAE: 1.8680
Val_MAE: 9.8674
Train_MAE: 1.9403
Val_MAE: 9.7806
Train_MAE: 1.9187
Val_MAE: 9.8269
Train_MAE: 2.0267
Val_MAE: 9.9188
Train_MAE: 2.1592
Val_MAE: 10.0029
Train_MAE: 2.1554
Val_MAE: 9.8118
Train_MAE: 1.9917
Val_MAE: 9.7371
Train_MAE: 1.9072
Val_MAE: 9.7567
Train_MAE: 1.9509
Val_MAE: 9.8456
Train_MAE: 1.9556
Val_MAE: 9.7697
Train_MAE: 1.8094
Val_MAE: 9.8258
Train_MAE: 1.8672
Val_MAE: 9.8748
Train_MAE: 1.7800
Val_MAE: 9.7458
Train_MAE: 1.6807
Val_MAE: 9.6490
Train_MAE: 1.7766
Val_MAE: 9.7468
Train_MAE: 1.7132
Val_MAE: 9.7800
Train_MAE: 1.8926
Val_MAE: 9.7679
Train_MAE: 1.6817
Val_MAE: 9.6403
Train_MAE: 1.6047
Val_MAE: 9.7151
Train_MAE: 1.7613
Val_MAE: 9.6899
Train_MAE: 1.6583
Val_MAE: 9.7693
Train_MAE: 1.7079
Val_MAE: 9.8071
Train_MAE: 1.6805
Val_MAE: 9.8848
Train_MAE: 1.7667
Val_MAE: 9.8109
Train_MAE: 1.6923
Val_MAE: 9.7797
Train_MAE: 1.5824
Val_MAE: 9.7174
Train_MAE: 1.5085
Val_MAE: 9.7106
Train_MAE: 1.4677
Val_MAE: 9.6496
Train_MAE: 1.5260
Val_MAE: 9.6294
Train_MAE: 1.4903
Val_MAE: 9.5766
Train_MAE: 1.4511
Val_MAE: 9.6919
Train_MAE: 1.5170
Val_MAE: 9.8718
Train_MAE: 1.8074
Val_MAE: 9.6971
Train_MAE: 1.4916
Val_MAE: 9.6328
Train_MAE: 1.4559
Val_MAE: 9.7051
Train_MAE: 1.4571
Val_MAE: 9.6981
Train_MAE: 1.4510
Val_MAE: 9.7265
Train_MAE: 1.6627
Val_MAE: 9.6813
Train_MAE: 1.3387
Val_MAE: 9.5798
Train_MAE: 1.3495
Val_MAE: 9.6709
Train_MAE: 1.2981
Val_MAE: 9.6359
Train_MAE: 1.5154
Val_MAE: 9.6073
Train_MAE: 1.3493
Val_MAE: 9.6346
Train_MAE: 1.2905
Val_MAE: 9.6462
Train_MAE: 1.3558
Val_MAE: 9.6411
Train_MAE: 1.2853
Val_MAE: 9.5706
Train_MAE: 1.2631
Val_MAE: 9.6683
Train_MAE: 1.3347
Val_MAE: 9.5903
Train_MAE: 1.2696
Val_MAE: 9.6014
Train_MAE: 1.2213
Val_MAE: 9.5303
Train_MAE: 1.1800
Val_MAE: 9.6050
Train_MAE: 1.2829
Val_MAE: 9.6420
Train_MAE: 1.2121
Val_MAE: 9.6094
Train_MAE: 1.1551
Val_MAE: 9.5303
Train_MAE: 1.0922
Val_MAE: 9.7263
Train_MAE: 1.4146
Val_MAE: 9.5447
Train_MAE: 1.1559
Val_MAE: 9.5977
Train_MAE: 1.1498
Val_MAE: 9.5629
Train_MAE: 1.1397
Val_MAE: 9.5582
Train_MAE: 1.0999
Val_MAE: 9.4979
Train_MAE: 1.0340
Val_MAE: 9.5711
Train_MAE: 1.0489
Val_MAE: 9.5282
Train_MAE: 1.0812
Val_MAE: 9.5603
Train_MAE: 1.0750
Val_MAE: 9.5514
Train_MAE: 1.0514
Val_MAE: 9.5751
Train_MAE: 1.0606
Val_MAE: 9.5675
Train_MAE: 0.9763
Val_MAE: 9.5988
Train_MAE: 0.9914
Val_MAE: 9.5549
Train_MAE: 1.0107
Val_MAE: 9.5033
Train_MAE: 1.0250
Val_MAE: 9.5966
Train_MAE: 0.9858
Val_MAE: 9.5947
Train_MAE: 0.9483
Val_MAE: 9.5769
Train_MAE: 1.0684
Val_MAE: 9.5872
Train_MAE: 0.9573
Val_MAE: 9.6585
Train_MAE: 1.0864
Val_MAE: 9.5651
Train_MAE: 0.9340
Val_MAE: 9.5489
Train_MAE: 0.8975
Val_MAE: 9.5278
Train_MAE: 0.9179
Val_MAE: 9.5151
Train_MAE: 0.9585
Val_MAE: 9.5328
Train_MAE: 0.8918
Val_MAE: 9.5760
Train_MAE: 0.8463
Val_MAE: 9.5398
Train_MAE: 0.8814
Val_MAE: 9.5903
Train_MAE: 0.8446
Val_MAE: 9.5634
Train_MAE: 0.8864
Val_MAE: 9.5281
Train_MAE: 0.8025
Val_MAE: 9.5323
Train_MAE: 0.8473
Val_MAE: 9.5356
Train_MAE: 0.8709
Val_MAE: 9.5272
Train_MAE: 0.8298
Val_MAE: 9.5188
Train_MAE: 0.7803
Val_MAE: 9.5030
Train_MAE: 0.8306
Val_MAE: 9.5174
Train_MAE: 0.7596
Val_MAE: 9.5085
Train_MAE: 0.7848
Val_MAE: 9.5148
Train_MAE: 0.7671
Val_MAE: 9.5290
Train_MAE: 0.8085
Val_MAE: 9.5227
Train_MAE: 0.7716
Val_MAE: 9.5207
Train_MAE: 0.7297
Val_MAE: 9.4818
Train_MAE: 0.6849
Val_MAE: 9.4990
Train_MAE: 0.7100
Val_MAE: 9.4970
Train_MAE: 0.7627
Val_MAE: 9.5115
Train_MAE: 0.6702
Val_MAE: 9.4997
Train_MAE: 0.6969
Val_MAE: 9.5004
Train_MAE: 0.6776
Val_MAE: 9.4776
Train_MAE: 0.7443
Val_MAE: 9.4874
Train_MAE: 0.6312
Val_MAE: 9.5363
Train_MAE: 0.7075
Val_MAE: 9.4993
Train_MAE: 0.6319
Val_MAE: 9.4998
Train_MAE: 0.6289
Val_MAE: 9.4885
Train_MAE: 0.7205
Val_MAE: 9.4745
Train_MAE: 0.6652
Val_MAE: 9.4650
Train_MAE: 0.6233
Val_MAE: 9.4621
Train_MAE: 0.6324
Val_MAE: 9.4623
Train_MAE: 0.6246
Val_MAE: 9.4686
Train_MAE: 0.5778
Val_MAE: 9.4867
Train_MAE: 0.5970
Val_MAE: 9.4727
Train_MAE: 0.5766
Val_MAE: 9.4894
Train_MAE: 0.6706
Val_MAE: 9.4789
Train_MAE: 0.6426
Val_MAE: 9.5000
Train_MAE: 0.5997
Val_MAE: 9.4976
Train_MAE: 0.5836
Val_MAE: 9.4732
Train_MAE: 0.6993
Val_MAE: 9.4798
Train_MAE: 0.6282
Val_MAE: 9.4949
Train_MAE: 0.6148
Val_MAE: 9.4539
Train_MAE: 0.5543
Val_MAE: 9.4656
Train_MAE: 0.5602
Val_MAE: 9.4785
Train_MAE: 0.5655
Val_MAE: 9.4858
Train_MAE: 0.6134
Val_MAE: 9.4697
Train_MAE: 0.6297
Val_MAE: 9.4640
Train_MAE: 0.5522
Val_MAE: 9.4692
Train_MAE: 0.5769
Val_MAE: 9.4856
Train_MAE: 0.5884
Val_MAE: 9.4823
Train_MAE: 0.5398
Val_MAE: 9.4763
Train_MAE: 0.5387
Val_MAE: 9.4899
Train_MAE: 0.6136
Val_MAE: 9.4699
Train_MAE: 0.5660
Val_MAE: 9.4658
Train_MAE: 0.5290
Val_MAE: 9.4769
Train_MAE: 0.5380
Val_MAE: 9.4806
Train_MAE: 0.5850
Val_MAE: 9.4789
Train_MAE: 0.5547
Val_MAE: 9.4623
Train_MAE: 0.5120
Val_MAE: 9.4643
Train_MAE: 0.5447
Val_MAE: 9.4713
Train_MAE: 0.5987
Val_MAE: 9.4679
Train_MAE: 0.5564
Val_MAE: 9.4613
Train_MAE: 0.5068
Val_MAE: 9.4517
Train_MAE: 0.5647
Val_MAE: 9.4741
Train_MAE: 0.5992
Val_MAE: 9.4738
Train_MAE: 0.5162
Val_MAE: 9.4659
Train_MAE: 0.5854
Test MAE: 9.476007130731945
train= {'loss': [1780.1582825203252, 1356.1697154471544, 1112.3788109756097, 748.1936610772358, 605.314024390244, 525.8998348577236, 477.2495871443089, 390.5846036585366, 303.3021150914634, 340.8061483739837, 276.4384209857724, 243.25689151422765, 222.7034425813008, 208.0195788871951, 200.5689469004065, 318.3865599593496, 198.0689151422764, 174.2546525660569, 216.85173716971545, 168.01298907520325, 160.31189659552845, 169.3615663109756, 196.68424479166666, 173.85416666666666, 265.5987042682927, 184.3922605436992, 227.0814119664634, 120.36032774390245, 135.3741742886179, 176.9248920223577, 121.427734375, 106.92990186737805, 124.16317327235772, 135.70533219004065, 152.92865536077235, 136.5278518800813, 132.50385067327235, 118.35094321646342, 87.03419556656505, 97.49506955030488, 93.112503175813, 93.20333142784553, 85.15660727896342, 121.0480818089431, 88.9996109629065, 111.34854547764228, 106.5194518546748, 92.89227642276423, 88.67071582825203, 113.14224466463415, 104.49919016768293, 78.33115790142277, 90.81651740345528, 74.25764576981707, 102.7141450711382, 95.6949234629065, 82.48928957063008, 155.5786331300813, 62.62447599085366, 67.75524009146342, 69.78787157012195, 59.40584508384146, 58.8070693597561, 55.35849371189025, 58.7505279789126, 92.54489011686992, 112.49107596544715, 56.73351356072155, 58.476999174288615, 84.40201822916667, 78.41700806656505, 84.40194677337398, 49.50393006859756, 63.82079681148374, 46.89846131859756, 43.198444645579265, 72.5459381351626, 61.51377508892276, 72.63409076473577, 46.69345464939025, 48.83759686229675, 67.84243997713415, 53.75459301956301, 48.97129462017276, 37.42603134527439, 35.865420954014226, 31.69020341082317, 30.813802083333332, 38.51380684705285, 39.213176448170735, 61.90951314786585, 62.17309371824187, 51.4149001206809, 34.625615313770325, 30.381151152820124, 29.20950441438008, 31.53522572090955, 25.76731215066057, 41.951338605182926, 31.57280352832825, 36.58690215320122, 49.15592050940041, 37.8641784171748, 28.787945010797763, 25.456517165269307, 26.47823972624492, 25.73584976816565, 33.92746046112805, 31.110014132367887, 23.536982342479675, 27.93263505144817, 48.809014545223576, 60.196412125254064, 34.60474228277439, 29.781428639481707, 21.335087970020325, 29.16991195058435, 22.13546033409553, 21.82742036648882, 19.07982009019309, 18.18382796620935, 18.544302591463413, 23.725389434070124, 18.5451461667937, 16.566177988440042, 24.437446408155488, 17.14647246570122, 19.255456443724594, 16.4577041253811, 20.159773167555894, 21.858577076981707, 17.689328077362806, 19.988424161585368, 19.98119323234248, 18.24411879128557, 16.717596782901424, 17.39578172637195, 15.538104793889735, 16.370161847370426, 33.55546557418699, 25.543320074314025, 28.0597549066311, 15.662795152121443, 18.906406805767276, 25.120476451346544, 17.371643562627032, 12.760596298589938, 12.185020880970528, 12.540981881986788, 13.192614051384654, 12.925026994410569, 13.085066136305894, 14.940618251397357, 11.982428822090956, 12.784831721608231, 12.276182593368903, 12.933261282075712, 15.490836787029979, 16.149230460810468, 12.995116195058435, 12.654375277883638, 12.707324020261687, 12.814576187754065, 11.561199901549797, 12.128396135035569, 11.700011710810468, 10.901805846671747, 11.668054099974594, 10.918085858104675, 12.224809848196138, 10.556121578061484, 10.055582682291666, 11.414527955094004, 10.019408187245935, 11.202934451219512, 10.575318375254065, 10.805156924860265, 10.426351903899898, 9.518136869601118, 9.298606810530996, 8.987507145579269, 9.580975292174797, 9.367468360962906, 9.30869994124746, 9.330751000381097, 12.488282242441565, 9.357089407075712, 8.825105992759147, 9.392979071392276, 9.070846433561991, 10.708949639545224, 8.768249015497968, 8.542428861788618, 8.473695336318597, 8.916669643991362, 8.556541380843496, 7.97375686769563, 8.846717400279472, 8.103436725895579, 8.086946813071647, 8.06898362074441, 8.223429361979166, 7.538657087620681, 7.460777220687246, 7.956200080189278, 7.763851506923272, 7.254837160188008, 6.946106949472815, 8.014061904535062, 7.567591225228658, 7.184430874460112, 7.321959456777185, 6.8241671430386175, 6.620703720464939, 6.605491576155996, 6.635579923304116, 6.732499285442073, 6.554916754001525, 6.7344707706110265, 6.327787073647103, 6.395282528264736, 6.534606437372967, 6.6272642554306405, 6.539146857533028, 6.688063210588161, 6.660022270388719, 6.472688504350864, 7.46941344718623, 6.230567497935722, 6.083830050336636, 6.129437206237297, 6.416431458015752, 6.010566525342988, 7.035509559197155, 5.988613221703506, 5.900656103118648, 6.072017514608739, 5.743476185372205, 5.973397107628303, 5.9147075870172765, 5.860309383733486, 5.912131208714431, 5.879573666952489, 5.641149505367124, 5.762178746665397, 5.620700246919461, 5.886966860391261, 5.679423510543699, 5.690753719670986, 5.6398866234756095, 5.6610539133955795, 5.6734643951664125, 5.560853043222815, 5.594837219734502, 5.452831237296748, 5.495354381034045, 5.543870383161839, 5.422187619092988, 5.315104166666667, 5.351906877223069, 5.413721596322408, 5.3740988630589435, 5.2709256303988825, 5.3563937055386175, 5.5170789268927845, 5.290493104516006, 5.249303802242124, 5.335308292047764, 5.310542905233739, 5.304008669969512, 5.310927972560975, 5.2075289594448675, 5.381435487328506, 5.2777362606389735, 5.272020293445122, 5.127742612264989, 5.130088247903964, 5.161795267244664, 5.196956479452489, 5.247997749142531, 5.141132137639736, 5.232263580570376, 5.194689742917937, 5.156628616457063, 5.113970004446138, 5.203351772897612, 5.144596254922511, 5.126219710683435, 5.0966891156948675, 5.120086918032266, 5.13739807625127, 5.0768085262639735, 5.165949131415142, 5.177027260384908, 5.1853052154789125, 5.096923331904217, 5.1383150922573675, 5.172842630525914, 5.1310975609756095, 5.133053663300305], 'mae': [33.3804107914126, 29.092056894690042, 26.868217654344512, 21.93851427527947, 19.7092086667937, 17.98540316946138, 16.717340732977643, 14.446344639227643, 12.496405376651422, 12.682792849657012, 11.559772770579269, 10.713647857914125, 10.02098219956809, 9.885994267657521, 9.53979690675813, 11.520840280424288, 9.500422780106707, 9.119761893419716, 10.311327926511687, 8.831571749555387, 8.76501663332063, 9.043883781122968, 9.21507201155996, 8.847601665713922, 11.003231389735772, 8.637556370680894, 8.978144451854675, 7.583563579776423, 8.160670830951474, 8.635423613757622, 7.502289066469766, 7.040422641164888, 7.126067370903201, 7.9809019507431405, 7.334286573456555, 8.12799469242251, 7.844470016355437, 7.88672073488313, 6.3740040848894814, 6.6790255414761175, 6.3258473466082314, 6.396443684895833, 6.3101662736598065, 7.154623884495681, 6.586511131224594, 7.094938944994919, 7.1863988860835875, 6.7070406781948675, 6.313297923018292, 7.003971751143292, 7.1380759138401935, 5.6500998396214435, 6.008451632367886, 5.977328168667428, 6.908622927782012, 6.451318756351626, 6.182897056021342, 8.816262345973069, 5.278276148850356, 5.360127270706301, 5.137500297732469, 4.833598315231199, 5.471134837080792, 4.969456618394309, 5.1453916968368905, 6.244541075171494, 7.00249450187373, 5.042955848259655, 4.953210349974594, 6.221508491330031, 5.6053575965447155, 5.76417008066565, 4.680227884432164, 4.6137789594448675, 4.399978265529725, 4.48768082285315, 5.606999591114075, 5.304801134559197, 5.511769364519817, 4.319914530932419, 4.643880704554116, 5.137045759495681, 4.519422081427845, 4.413221901994411, 4.083144025104802, 3.8192046871030234, 3.437670699949187, 3.428400055179751, 4.150987826711763, 3.8687907893483233, 4.673988900533536, 4.885455371887703, 4.485352058720783, 3.6847080137671493, 3.5544964549987297, 3.2515474645102898, 3.3277136329712906, 3.1605775414443595, 3.803578446551067, 3.4695841471354165, 3.663748888465447, 4.635030110677083, 3.8632311317009655, 3.3585696336699695, 3.157365752429497, 3.0872939195090194, 3.167178022183054, 3.0586200497014735, 3.4135729781980437, 2.888192029503303, 3.3472409132050305, 4.024816993775406, 4.648458341272866, 3.8631815096227133, 3.4920063794143803, 2.6882969305767275, 3.080197962318979, 2.7510217185912094, 2.578199929338161, 2.5524289511083587, 2.5160497649898375, 2.572094676940422, 2.8313784715605945, 2.5997699024231453, 2.421543276406885, 2.5889230123380336, 2.431913546430386, 2.6442213601213163, 2.4240630855405234, 2.599490033901804, 2.5873016109311484, 2.5581069574123476, 2.877549582380589, 2.72000618291095, 2.6068184705284554, 2.395301880875254, 2.3114239452331047, 2.3386074159203507, 2.3871162228467986, 3.6714413030360773, 2.6408594643197407, 2.8444960679465194, 2.358843547541921, 2.553750883272993, 2.859159143959604, 2.444933883542937, 1.976763717527312, 1.853734582420287, 1.90490921144563, 2.0360421281519945, 1.9144336731453253, 2.0667058432974468, 2.0597686767578125, 1.8679706604500128, 1.9402654384209859, 1.9187272234660824, 2.0267100760607217, 2.15920921263656, 2.1554118830983233, 1.9916528221068344, 1.9071760720353785, 1.950873026033727, 1.9556456775200077, 1.8093987441644437, 1.8671850188960875, 1.7799531269848832, 1.6807325409679879, 1.7766017758749364, 1.7131775646674923, 1.892643502088097, 1.6816615903280614, 1.6046684699329903, 1.7612798427178609, 1.6583434314262577, 1.7078768102134145, 1.6804683034012957, 1.7667261139164125, 1.6923214051781632, 1.5824330647786458, 1.5085237084365473, 1.4677369652724848, 1.5260327346925813, 1.4903016129160316, 1.4510591088271723, 1.5169578490218496, 1.8074190713525788, 1.4916370670969894, 1.4559044566580919, 1.457068466558689, 1.451004524541095, 1.662718361955348, 1.338727005128938, 1.349450708404789, 1.2980764745696773, 1.5153531950663746, 1.3492855909394055, 1.2904607261099466, 1.3558152361613949, 1.2852868801209985, 1.2631458809705285, 1.3346908693391133, 1.2696482340494792, 1.2213375432704523, 1.179956451664126, 1.2829146966701601, 1.212063300900343, 1.1551451644277184, 1.0922098547462527, 1.414564179211128, 1.1559120736471036, 1.1497841191485645, 1.1397362685785062, 1.099859842439977, 1.0340097939095847, 1.04888717527312, 1.0812035537347562, 1.0749663066088668, 1.0514081009035188, 1.0605638705618012, 0.9762581926051194, 0.9913556478857025, 1.010721098116743, 1.0249875076418, 0.9857863759606834, 0.9482599894205729, 1.0684179290523375, 0.9573498857699758, 1.086385835477007, 0.9339700094083461, 0.8974773748134209, 0.9179108782512385, 0.9585301469012004, 0.8917638266958842, 0.8462983418286332, 0.8814096218202172, 0.844607841677782, 0.8863986875952744, 0.8024684006605691, 0.8473137956324631, 0.8709252210167365, 0.829750495228341, 0.7802705842305006, 0.8306149738590892, 0.7596335062166539, 0.7848338305465574, 0.7670662732628303, 0.8084716176599022, 0.7716005526907076, 0.7297187743148184, 0.6849044551694297, 0.7099655275422383, 0.762656049030583, 0.6702419994323234, 0.6969357622348196, 0.6776336421811484, 0.7442798769570947, 0.6312401624229865, 0.7074534098307291, 0.6319289168691248, 0.6288846643959604, 0.7204888816771469, 0.6652275643697599, 0.6233315816739711, 0.6324462890625, 0.6246182821630463, 0.5778449453958651, 0.596988212771532, 0.5766432227157965, 0.6706092648389863, 0.642569068970719, 0.5996916235947027, 0.5835710230881606, 0.6992508802956682, 0.6282402596822599, 0.6147730137274517, 0.5542576487471418, 0.5602142830205158, 0.5654569176154408, 0.6133781991353849, 0.6296590169270834, 0.5521611779685912, 0.5768737172692772, 0.5884043375651041, 0.5398156390926703, 0.5387289776065485, 0.6135950476173463, 0.5659845243624555, 0.5289835736034362, 0.5379879338954522, 0.5849838877111916, 0.554654315235169, 0.5119963545140213, 0.5447343655718051, 0.5986720139418191, 0.5563520726149644, 0.5067590232787094, 0.564679835870014, 0.5991839897341844, 0.5162336458035601, 0.5853845859930767]}
validation= {'loss': [1811.8158854166666, 1398.5016927083334, 1168.9307291666667, 820.0658854166667, 722.8479817708334, 641.2912760416667, 609.1309244791667, 552.7792317708333, 443.46966145833335, 487.4404622395833, 427.36236979166665, 411.107421875, 393.08994140625, 406.4088541666667, 382.43759765625, 613.3633463541667, 443.2910481770833, 422.98310546875, 467.39026692708336, 395.51695963541664, 402.44104817708336, 405.70188802083334, 435.63291015625, 438.08216145833336, 548.92421875, 439.82932942708334, 553.6572916666667, 393.58935546875, 431.96412760416666, 501.40582682291665, 418.48352864583336, 390.56630859375, 416.22041015625, 457.53004557291666, 454.6399739583333, 387.1645833333333, 407.84039713541665, 422.7937825520833, 387.77281901041664, 385.43916015625, 398.9470703125, 395.76536458333334, 399.23157552083336, 394.09755859375, 402.88880208333336, 409.84313151041664, 382.7309895833333, 399.4472981770833, 414.42467447916664, 427.24908854166665, 405.58154296875, 381.49912109375, 388.47418619791665, 387.660546875, 411.5317057291667, 405.59580078125, 398.2402018229167, 450.19609375, 356.29736328125, 392.36627604166665, 372.97779947916666, 381.27727864583335, 362.40563151041664, 361.47190755208334, 352.94912109375, 411.1400390625, 436.013671875, 364.1290690104167, 363.7138346354167, 404.06875, 385.31764322916666, 368.68561197916665, 359.5679036458333, 372.76702473958335, 383.7418619791667, 369.50266927083334, 380.90221354166664, 373.8755208333333, 384.25279947916664, 343.6116536458333, 369.59619140625, 393.31669921875, 402.6611653645833, 359.754296875, 380.2320963541667, 348.8071614583333, 343.15374348958335, 352.226171875, 353.19833984375, 365.26373697916665, 396.2174479166667, 385.03186848958336, 375.18756510416665, 366.2482096354167, 342.28844401041664, 339.37060546875, 348.2021809895833, 340.89557291666665, 392.3095703125, 354.67845052083334, 361.7412434895833, 350.890234375, 356.54140625, 354.29993489583336, 342.4146484375, 352.17786458333336, 344.1360677083333, 352.08880208333335, 361.08623046875, 346.55481770833336, 342.6792317708333, 344.9360677083333, 356.05774739583336, 348.3373697916667, 359.8818359375, 348.43251953125, 351.505078125, 330.50940755208336, 340.44677734375, 340.26604817708335, 358.53818359375, 356.81995442708336, 322.4827473958333, 342.32102864583334, 335.8157552083333, 345.79322916666666, 338.04407552083336, 344.21083984375, 343.2594401041667, 347.75416666666666, 345.1453125, 337.6951171875, 334.55673828125, 330.2943359375, 331.33291015625, 329.0605143229167, 342.50465494791666, 327.9363606770833, 332.17639973958336, 336.41119791666665, 341.978515625, 346.38307291666666, 338.036328125, 335.34820963541665, 360.21373697916664, 342.248046875, 337.36005859375, 328.31669921875, 330.77233072916664, 333.2973307291667, 330.468359375, 328.76328125, 342.54368489583334, 338.4844075520833, 336.7951171875, 340.20631510416666, 334.5722981770833, 349.93883463541664, 339.08974609375, 339.7576497395833, 328.4241536458333, 334.6372395833333, 343.3760091145833, 338.29482421875, 333.59899088541664, 339.6910807291667, 335.5620442708333, 329.1357747395833, 332.437890625, 334.90319010416664, 330.54127604166666, 333.33606770833336, 339.63108723958334, 332.3584309895833, 338.00133463541664, 330.70875651041666, 343.06780598958335, 340.892578125, 339.52568359375, 333.5201171875, 337.67646484375, 338.00026041666666, 331.16370442708336, 331.63697916666666, 332.54404296875, 333.8044921875, 337.42975260416665, 329.22119140625, 333.3287760416667, 337.5984700520833, 338.23040364583335, 336.2478841145833, 332.43694661458335, 336.303125, 328.21422526041664, 330.87444661458335, 331.63779296875, 328.71904296875, 336.7952473958333, 328.3720703125, 332.9472330729167, 333.52890625, 331.883203125, 326.5703125, 326.66331380208334, 331.97399088541664, 331.03583984375, 327.09075520833335, 328.0810221354167, 323.15960286458335, 327.4806315104167, 326.7738932291667, 328.2257486979167, 322.1486002604167, 327.80139973958336, 323.72727864583334, 328.61399739583334, 327.71015625, 329.7017578125, 330.09381510416665, 328.42314453125, 327.93157552083335, 329.8646484375, 331.33359375, 331.39921875, 330.4525390625, 331.98645833333336, 333.52063802083336, 328.88294270833336, 329.5284830729167, 330.79462890625, 329.42802734375, 330.3414713541667, 330.4419921875, 330.04388020833335, 333.39814453125, 330.4674479166667, 330.7369140625, 328.63984375, 330.47392578125, 330.4557291666667, 325.76878255208334, 328.22197265625, 328.4132486979167, 329.61253255208334, 327.67001953125, 330.39319661458336, 329.09192708333336, 331.515234375, 328.20885416666664, 327.9890950520833, 327.96357421875, 330.14280598958334, 328.16930338541664, 326.69749348958334, 324.85621744791666, 327.06370442708334, 330.58759765625, 329.0791015625, 328.32822265625, 326.1977864583333, 328.28307291666664, 326.958203125, 328.58727213541664, 327.5854817708333, 327.536328125, 329.04339192708335, 328.5375651041667, 329.25732421875, 328.6244140625, 331.16611328125, 329.1896158854167, 328.39599609375, 329.01087239583336, 329.71393229166665, 327.14423828125, 327.90556640625, 328.93759765625, 328.15882161458336, 329.01061197916664, 328.99134114583336, 330.03997395833335, 329.82848307291664, 330.1153971354167, 330.0798828125, 328.903515625, 329.4283203125, 329.41468098958336, 329.32900390625, 329.47809244791665, 330.1230143229167, 328.8030598958333, 329.4168294270833, 329.0815755208333, 329.67454427083334, 328.5060546875, 327.61878255208336, 328.7254231770833, 329.8624674479167, 328.5188802083333], 'mae': [33.54721476236979, 29.44918009440104, 27.463763427734374, 22.73134969075521, 21.036252848307292, 19.331868489583332, 18.358319091796876, 16.58231201171875, 14.516534423828125, 14.868966674804687, 13.653467814127604, 13.392569986979167, 12.65867207845052, 13.001756795247395, 12.487154134114583, 14.539735921223958, 12.91104736328125, 12.657869466145833, 13.812195841471354, 12.500680541992187, 12.520855712890626, 12.660771687825521, 13.268975830078125, 12.485838826497396, 14.610713704427083, 12.659895833333334, 13.645333862304687, 12.503938802083333, 12.868662516276041, 13.215692138671875, 12.508349609375, 12.291042073567708, 12.059071858723959, 12.824124145507813, 12.807030232747396, 12.61735331217448, 12.58243916829427, 13.167356363932292, 11.930636596679687, 12.051035563151041, 11.766419474283854, 11.91001688639323, 12.004862467447916, 12.054513549804687, 12.309850056966146, 12.371295166015624, 12.150989786783855, 12.1345458984375, 12.114600626627604, 12.380176798502605, 12.568115234375, 11.700370279947917, 12.026344807942708, 12.069673665364583, 12.532704671223959, 11.979066975911458, 11.761850992838541, 13.875335693359375, 11.239630126953125, 11.549827067057292, 11.342899576822917, 11.132023111979167, 11.489710489908854, 11.23461201985677, 11.305607096354167, 11.870615641276041, 12.37763163248698, 11.211245727539062, 11.226617431640625, 11.88352559407552, 11.409192911783855, 11.739466349283854, 11.15548095703125, 11.273885091145834, 11.127126057942709, 11.074788411458334, 11.702142333984375, 11.368761189778645, 11.693434651692709, 10.552836100260416, 11.2531494140625, 11.441244506835938, 11.09112548828125, 10.873472086588542, 11.027589925130208, 10.595653279622395, 10.509586588541667, 10.63160400390625, 10.785450236002605, 10.773551432291667, 11.207791137695313, 11.039278157552083, 11.007297770182292, 10.765899658203125, 10.51878662109375, 10.441070556640625, 10.508150227864583, 10.30542704264323, 10.886573282877604, 10.617805989583333, 10.73191426595052, 11.024779256184896, 10.8044921875, 10.402593994140625, 10.387398274739583, 10.554097493489584, 10.512073771158855, 10.396926879882812, 10.45515645345052, 10.256013997395833, 10.458932495117187, 10.555821736653646, 10.801787312825521, 10.625066121419271, 10.863531494140625, 10.281629435221355, 10.576719156901042, 10.149589029947917, 10.233111572265624, 10.179786173502604, 10.364289347330729, 10.393241373697917, 10.110608927408855, 10.15236307779948, 10.144525146484375, 10.170241292317709, 10.072061157226562, 10.087580362955729, 10.03822530110677, 10.196748860677083, 10.129892985026041, 10.201319376627604, 10.170806884765625, 9.94240214029948, 10.080222574869792, 9.96671142578125, 9.850612386067708, 10.015968831380208, 9.96495361328125, 10.63582051595052, 10.10548095703125, 10.241588338216145, 10.085973103841146, 10.080372111002605, 10.365895589192709, 10.026027425130208, 9.891185506184895, 9.791527303059896, 9.830345662434896, 9.867176310221355, 9.798921712239583, 9.880495198567708, 9.865944417317708, 9.79888916015625, 9.867381795247395, 9.78057149251302, 9.82691141764323, 9.918768310546875, 10.002913411458334, 9.811793009440104, 9.737057495117188, 9.756715901692708, 9.8455810546875, 9.769732666015624, 9.825787353515626, 9.874805704752605, 9.745799763997395, 9.649001057942709, 9.74678243001302, 9.780035400390625, 9.767874145507813, 9.64031982421875, 9.715073649088541, 9.68986104329427, 9.7693359375, 9.8070556640625, 9.884848022460938, 9.810884602864583, 9.779746500651042, 9.71741434733073, 9.710558064778645, 9.649569702148437, 9.629356892903646, 9.576615397135416, 9.691854858398438, 9.871824137369792, 9.69706319173177, 9.63277587890625, 9.705108642578125, 9.698133341471355, 9.72649434407552, 9.68125712076823, 9.579825846354167, 9.670859781901042, 9.635927327473958, 9.6072998046875, 9.634642537434896, 9.646214803059896, 9.641097005208334, 9.570582071940104, 9.668326822916667, 9.590280151367187, 9.601399739583334, 9.530289713541666, 9.60504150390625, 9.641952514648438, 9.609412638346354, 9.530335489908854, 9.726291910807292, 9.544682820638021, 9.59769999186198, 9.562891642252604, 9.558216349283855, 9.497886149088542, 9.571122233072916, 9.528164672851563, 9.560281372070312, 9.551389567057292, 9.575100708007813, 9.56746826171875, 9.598838297526042, 9.554922485351563, 9.503255208333334, 9.596645100911458, 9.594700113932292, 9.576895141601563, 9.587232462565105, 9.658507283528646, 9.565126546223958, 9.548920694986979, 9.52777811686198, 9.515128580729167, 9.532771809895833, 9.575993855794271, 9.539800008138021, 9.590300496419271, 9.563428751627605, 9.528103637695313, 9.532326253255208, 9.535584513346354, 9.527180989583334, 9.518822224934896, 9.502962239583333, 9.51743876139323, 9.508486938476562, 9.514830525716146, 9.528959147135417, 9.522744750976562, 9.52074483235677, 9.481801350911459, 9.498951212565105, 9.497040812174479, 9.511506144205729, 9.4996826171875, 9.50044453938802, 9.477554321289062, 9.48737284342448, 9.53630879720052, 9.499267578125, 9.499800618489584, 9.488515218098959, 9.474544270833333, 9.46495361328125, 9.462051391601562, 9.462257893880208, 9.4685546875, 9.48673807779948, 9.472712198893229, 9.489354451497396, 9.478939819335938, 9.4999755859375, 9.497594197591146, 9.473194376627605, 9.47983907063802, 9.494915771484376, 9.453871663411459, 9.465623982747395, 9.478518676757812, 9.485781860351562, 9.469720458984375, 9.463978068033855, 9.469163004557291, 9.485622151692708, 9.482331339518229, 9.476254272460938, 9.489931233723958, 9.469938151041667, 9.465831502278645, 9.476866658528646, 9.48059794108073, 9.478932698567709, 9.462318929036458, 9.464285278320313, 9.471346028645833, 9.467877197265626, 9.461258951822916, 9.451739501953124, 9.474124145507812, 9.473812866210938, 9.465889485677083]}
Toal time: 9048.170421361923



